<?xml version="1.0" encoding="UTF-8"?>
<robot generator="Robot 3.1.2 (Python 3.8.0 on win32)" generated="20191106 14:20:46.455" rpa="false">
<suite id="s1" name="Tests" source="C:\Development\RobotScripts\DataDrivenTest - Upgraded\Tests">
<suite id="s1-s1" name="UserInvalid" source="C:\Development\RobotScripts\DataDrivenTest - Upgraded\Tests\UserInvalid.robot">
<test id="s1-s1-t1" name="Invalid Login Scenarios Should Display Correct Error Message">
<kw name="Begin Web Test" library="Common" type="setup">
<kw name="Open Browser" library="SeleniumLibrary">
<doc>Opens a new browser instance to the optional ``url``.</doc>
<arguments>
<arg>about:blank</arg>
<arg>${BROWSER}</arg>
</arguments>
<msg timestamp="20191106 14:20:46.668" level="INFO">Opening browser 'chrome' to base url 'about:blank'.</msg>
<status status="PASS" starttime="20191106 14:20:46.667" endtime="20191106 14:20:48.378"></status>
</kw>
<kw name="Maximize Browser Window" library="SeleniumLibrary">
<doc>Maximizes current browser window.</doc>
<status status="PASS" starttime="20191106 14:20:48.378" endtime="20191106 14:20:58.393"></status>
</kw>
<status status="PASS" starttime="20191106 14:20:46.667" endtime="20191106 14:20:58.394"></status>
</kw>
<kw name="Test Multiple Failed Login Scenarios" library="CarsApp">
<arguments>
<arg>${UNREGISTERED_USER}</arg>
</arguments>
<kw name="Go to Login" library="CarsApp">
<kw name="Load" library="LandingPage">
<kw name="Go To" library="SeleniumLibrary">
<doc>Navigates the current browser window to the provided ``url``.</doc>
<arguments>
<arg>${START_URL}</arg>
</arguments>
<msg timestamp="20191106 14:20:58.398" level="INFO">Opening url 'https://www.cars.com/'</msg>
<kw name="Capture Page Screenshot" library="SeleniumLibrary">
<doc>Takes a screenshot of the current page and embeds it into a log file.</doc>
<msg timestamp="20191106 14:21:10.431" level="FAIL">WebDriverException: Message: chrome not reachable
  (Session info: chrome=78.0.3904.70)
</msg>
<status status="FAIL" starttime="20191106 14:21:04.412" endtime="20191106 14:21:10.431"></status>
</kw>
<msg timestamp="20191106 14:21:10.431" level="WARN">Keyword 'Capture Page Screenshot' could not be run on failure: WebDriverException: Message: chrome not reachable
  (Session info: chrome=78.0.3904.70)
</msg>
<msg timestamp="20191106 14:21:10.434" level="FAIL">WebDriverException: Message: chrome not reachable
  (Session info: chrome=78.0.3904.70)
</msg>
<status status="FAIL" starttime="20191106 14:20:58.397" endtime="20191106 14:21:10.434"></status>
</kw>
<status status="FAIL" starttime="20191106 14:20:58.396" endtime="20191106 14:21:10.435"></status>
</kw>
<status status="FAIL" starttime="20191106 14:20:58.395" endtime="20191106 14:21:10.435"></status>
</kw>
<status status="FAIL" starttime="20191106 14:20:58.394" endtime="20191106 14:21:10.435"></status>
</kw>
<kw name="Test Multiple Failed Login Scenarios" library="CarsApp">
<arguments>
<arg>${INVALID_PASSWORD_USER}</arg>
</arguments>
<kw name="Go to Login" library="CarsApp">
<kw name="Load" library="LandingPage">
<kw name="Go To" library="SeleniumLibrary">
<doc>Navigates the current browser window to the provided ``url``.</doc>
<arguments>
<arg>${START_URL}</arg>
</arguments>
<msg timestamp="20191106 14:21:10.438" level="INFO">Opening url 'https://www.cars.com/'</msg>
<kw name="Capture Page Screenshot" library="SeleniumLibrary">
<doc>Takes a screenshot of the current page and embeds it into a log file.</doc>
<status status="FAIL" starttime="20191106 14:21:13.730" endtime="20191106 14:21:13.730"></status>
</kw>
<msg timestamp="20191106 14:21:13.730" level="WARN">Keyword 'Capture Page Screenshot' could not be run on failure: Execution terminated by signal</msg>
<status status="FAIL" starttime="20191106 14:21:10.437" endtime="20191106 14:21:13.731"></status>
</kw>
<status status="FAIL" starttime="20191106 14:21:10.437" endtime="20191106 14:21:13.731"></status>
</kw>
<status status="FAIL" starttime="20191106 14:21:10.436" endtime="20191106 14:21:13.732"></status>
</kw>
<status status="FAIL" starttime="20191106 14:21:10.436" endtime="20191106 14:21:13.732"></status>
</kw>
<kw name="End Web Test" library="Common" type="teardown">
<kw name="Close All Browsers" library="SeleniumLibrary">
<doc>Closes all open browsers and resets the browser cache.</doc>
<msg timestamp="20191106 14:21:14.737" level="WARN">Retrying (Retry(total=2, connect=None, read=None, redirect=None, status=None)) after connection broken by 'NewConnectionError('&lt;urllib3.connection.HTTPConnection object at 0x03C9A670&gt;: Failed to establish a new connection: [WinError 10061] No connection could be made because the target machine actively refused it')': /session/a4a7c74c7222b94cb7f26554e32c90ac</msg>
<msg timestamp="20191106 14:21:15.739" level="WARN">Retrying (Retry(total=1, connect=None, read=None, redirect=None, status=None)) after connection broken by 'NewConnectionError('&lt;urllib3.connection.HTTPConnection object at 0x03C9A5B0&gt;: Failed to establish a new connection: [WinError 10061] No connection could be made because the target machine actively refused it')': /session/a4a7c74c7222b94cb7f26554e32c90ac</msg>
<msg timestamp="20191106 14:21:16.743" level="WARN">Retrying (Retry(total=0, connect=None, read=None, redirect=None, status=None)) after connection broken by 'NewConnectionError('&lt;urllib3.connection.HTTPConnection object at 0x03C9A4C0&gt;: Failed to establish a new connection: [WinError 10061] No connection could be made because the target machine actively refused it')': /session/a4a7c74c7222b94cb7f26554e32c90ac</msg>
<status status="PASS" starttime="20191106 14:21:13.734" endtime="20191106 14:21:19.756"></status>
</kw>
<status status="PASS" starttime="20191106 14:21:13.733" endtime="20191106 14:21:19.756"></status>
</kw>
<status status="FAIL" starttime="20191106 14:20:46.666" endtime="20191106 14:21:19.756" critical="yes">Several failures occurred:

1) WebDriverException: Message: chrome not reachable
  (Session info: chrome=78.0.3904.70)


2) Execution terminated by signal</status>
</test>
<status status="FAIL" starttime="20191106 14:20:46.489" endtime="20191106 14:21:19.760"></status>
</suite>
<status status="FAIL" starttime="20191106 14:20:46.456" endtime="20191106 14:21:19.764"></status>
</suite>
<statistics>
<total>
<stat pass="0" fail="1">Critical Tests</stat>
<stat pass="0" fail="1">All Tests</stat>
</total>
<tag>
</tag>
<suite>
<stat pass="0" fail="1" id="s1" name="Tests">Tests</stat>
<stat pass="0" fail="1" id="s1-s1" name="UserInvalid">Tests.UserInvalid</stat>
</suite>
</statistics>
<errors>
<msg timestamp="20191106 14:21:10.431" level="WARN">Keyword 'Capture Page Screenshot' could not be run on failure: WebDriverException: Message: chrome not reachable
  (Session info: chrome=78.0.3904.70)
</msg>
<msg timestamp="20191106 14:21:13.730" level="WARN">Keyword 'Capture Page Screenshot' could not be run on failure: Execution terminated by signal</msg>
<msg timestamp="20191106 14:21:14.737" level="WARN">Retrying (Retry(total=2, connect=None, read=None, redirect=None, status=None)) after connection broken by 'NewConnectionError('&lt;urllib3.connection.HTTPConnection object at 0x03C9A670&gt;: Failed to establish a new connection: [WinError 10061] No connection could be made because the target machine actively refused it')': /session/a4a7c74c7222b94cb7f26554e32c90ac</msg>
<msg timestamp="20191106 14:21:15.739" level="WARN">Retrying (Retry(total=1, connect=None, read=None, redirect=None, status=None)) after connection broken by 'NewConnectionError('&lt;urllib3.connection.HTTPConnection object at 0x03C9A5B0&gt;: Failed to establish a new connection: [WinError 10061] No connection could be made because the target machine actively refused it')': /session/a4a7c74c7222b94cb7f26554e32c90ac</msg>
<msg timestamp="20191106 14:21:16.743" level="WARN">Retrying (Retry(total=0, connect=None, read=None, redirect=None, status=None)) after connection broken by 'NewConnectionError('&lt;urllib3.connection.HTTPConnection object at 0x03C9A4C0&gt;: Failed to establish a new connection: [WinError 10061] No connection could be made because the target machine actively refused it')': /session/a4a7c74c7222b94cb7f26554e32c90ac</msg>
</errors>
</robot>
