<?xml version="1.0" encoding="UTF-8"?>
<robot generator="Robot 3.1.2 (Python 3.8.0 on win32)" generated="20191106 14:20:46.455" rpa="false">
<suite id="s1" name="Tests" source="C:\Development\RobotScripts\DataDrivenTest - Upgraded\Tests">
<suite id="s1-s1" name="UserValid" source="C:\Development\RobotScripts\DataDrivenTest - Upgraded\Tests\UserValid.robot">
<test id="s1-s1-t1" name="Valid users should be able to login">
<kw name="Begin Web Test" library="Common" type="setup">
<kw name="Open Browser" library="SeleniumLibrary">
<doc>Opens a new browser instance to the optional ``url``.</doc>
<arguments>
<arg>about:blank</arg>
<arg>${BROWSER}</arg>
</arguments>
<msg timestamp="20191106 14:20:46.661" level="INFO">Opening browser 'chrome' to base url 'about:blank'.</msg>
<kw name="Capture Page Screenshot" library="SeleniumLibrary">
<doc>Takes a screenshot of the current page and embeds it into a log file.</doc>
<msg timestamp="20191106 14:20:55.842" level="INFO">Cannot capture screenshot because no browser is open.</msg>
<status status="PASS" starttime="20191106 14:20:55.842" endtime="20191106 14:20:55.842"></status>
</kw>
<msg timestamp="20191106 14:20:55.850" level="FAIL">SessionNotCreatedException: Message: session not created
from chrome not reachable
  (Session info: chrome=78.0.3904.70)
</msg>
<status status="FAIL" starttime="20191106 14:20:46.661" endtime="20191106 14:20:55.851"></status>
</kw>
<status status="FAIL" starttime="20191106 14:20:46.661" endtime="20191106 14:20:55.851"></status>
</kw>
<kw name="End Web Test" library="Common" type="teardown">
<kw name="Close All Browsers" library="SeleniumLibrary">
<doc>Closes all open browsers and resets the browser cache.</doc>
<status status="PASS" starttime="20191106 14:20:55.851" endtime="20191106 14:20:55.852"></status>
</kw>
<status status="PASS" starttime="20191106 14:20:55.851" endtime="20191106 14:20:55.852"></status>
</kw>
<tags>
<tag>LoginTest</tag>
</tags>
<status status="FAIL" starttime="20191106 14:20:46.661" endtime="20191106 14:20:55.852" critical="yes">Setup failed:
SessionNotCreatedException: Message: session not created
from chrome not reachable
  (Session info: chrome=78.0.3904.70)
</status>
</test>
<test id="s1-s1-t2" name="User should be able to search for a car">
<kw name="Begin Web Test" library="Common" type="setup">
<kw name="Open Browser" library="SeleniumLibrary">
<doc>Opens a new browser instance to the optional ``url``.</doc>
<arguments>
<arg>about:blank</arg>
<arg>${BROWSER}</arg>
</arguments>
<msg timestamp="20191106 14:20:55.854" level="INFO">Opening browser 'chrome' to base url 'about:blank'.</msg>
<status status="PASS" starttime="20191106 14:20:55.854" endtime="20191106 14:20:57.951"></status>
</kw>
<kw name="Maximize Browser Window" library="SeleniumLibrary">
<doc>Maximizes current browser window.</doc>
<status status="PASS" starttime="20191106 14:20:57.951" endtime="20191106 14:21:07.977"></status>
</kw>
<status status="PASS" starttime="20191106 14:20:55.853" endtime="20191106 14:21:07.978"></status>
</kw>
<kw name="Valid user logged">
<kw name="Go to Login" library="CarsApp">
<kw name="Load" library="LandingPage">
<kw name="Go To" library="SeleniumLibrary">
<doc>Navigates the current browser window to the provided ``url``.</doc>
<arguments>
<arg>${START_URL}</arg>
</arguments>
<msg timestamp="20191106 14:21:07.979" level="INFO">Opening url 'https://www.cars.com/'</msg>
<kw name="Capture Page Screenshot" library="SeleniumLibrary">
<doc>Takes a screenshot of the current page and embeds it into a log file.</doc>
<status status="FAIL" starttime="20191106 14:21:13.729" endtime="20191106 14:21:13.729"></status>
</kw>
<msg timestamp="20191106 14:21:13.729" level="WARN">Keyword 'Capture Page Screenshot' could not be run on failure: Execution terminated by signal</msg>
<status status="FAIL" starttime="20191106 14:21:07.979" endtime="20191106 14:21:13.730"></status>
</kw>
<status status="FAIL" starttime="20191106 14:21:07.978" endtime="20191106 14:21:13.730"></status>
</kw>
<status status="FAIL" starttime="20191106 14:21:07.978" endtime="20191106 14:21:13.731"></status>
</kw>
<status status="FAIL" starttime="20191106 14:21:07.978" endtime="20191106 14:21:13.731"></status>
</kw>
<kw name="End Web Test" library="Common" type="teardown">
<kw name="Close All Browsers" library="SeleniumLibrary">
<doc>Closes all open browsers and resets the browser cache.</doc>
<msg timestamp="20191106 14:21:14.736" level="WARN">Retrying (Retry(total=2, connect=None, read=None, redirect=None, status=None)) after connection broken by 'NewConnectionError('&lt;urllib3.connection.HTTPConnection object at 0x037DB4D8&gt;: Failed to establish a new connection: [WinError 10061] No connection could be made because the target machine actively refused it')': /session/18bdff83c031e6306bf99a09dd87379b</msg>
<msg timestamp="20191106 14:21:15.738" level="WARN">Retrying (Retry(total=1, connect=None, read=None, redirect=None, status=None)) after connection broken by 'NewConnectionError('&lt;urllib3.connection.HTTPConnection object at 0x037DBCB8&gt;: Failed to establish a new connection: [WinError 10061] No connection could be made because the target machine actively refused it')': /session/18bdff83c031e6306bf99a09dd87379b</msg>
<msg timestamp="20191106 14:21:16.743" level="WARN">Retrying (Retry(total=0, connect=None, read=None, redirect=None, status=None)) after connection broken by 'NewConnectionError('&lt;urllib3.connection.HTTPConnection object at 0x037DBE68&gt;: Failed to establish a new connection: [WinError 10061] No connection could be made because the target machine actively refused it')': /session/18bdff83c031e6306bf99a09dd87379b</msg>
<status status="PASS" starttime="20191106 14:21:13.733" endtime="20191106 14:21:19.754"></status>
</kw>
<status status="PASS" starttime="20191106 14:21:13.732" endtime="20191106 14:21:19.755"></status>
</kw>
<tags>
<tag>SearchTest</tag>
</tags>
<status status="FAIL" starttime="20191106 14:20:55.853" endtime="20191106 14:21:19.755" critical="yes">Execution terminated by signal</status>
</test>
<status status="FAIL" starttime="20191106 14:20:46.480" endtime="20191106 14:21:19.757"></status>
</suite>
<status status="FAIL" starttime="20191106 14:20:46.456" endtime="20191106 14:21:19.763"></status>
</suite>
<statistics>
<total>
<stat pass="0" fail="2">Critical Tests</stat>
<stat pass="0" fail="2">All Tests</stat>
</total>
<tag>
<stat pass="0" fail="1">LoginTest</stat>
<stat pass="0" fail="1">SearchTest</stat>
</tag>
<suite>
<stat pass="0" fail="2" id="s1" name="Tests">Tests</stat>
<stat pass="0" fail="2" id="s1-s1" name="UserValid">Tests.UserValid</stat>
</suite>
</statistics>
<errors>
<msg timestamp="20191106 14:21:13.729" level="WARN">Keyword 'Capture Page Screenshot' could not be run on failure: Execution terminated by signal</msg>
<msg timestamp="20191106 14:21:14.736" level="WARN">Retrying (Retry(total=2, connect=None, read=None, redirect=None, status=None)) after connection broken by 'NewConnectionError('&lt;urllib3.connection.HTTPConnection object at 0x037DB4D8&gt;: Failed to establish a new connection: [WinError 10061] No connection could be made because the target machine actively refused it')': /session/18bdff83c031e6306bf99a09dd87379b</msg>
<msg timestamp="20191106 14:21:15.738" level="WARN">Retrying (Retry(total=1, connect=None, read=None, redirect=None, status=None)) after connection broken by 'NewConnectionError('&lt;urllib3.connection.HTTPConnection object at 0x037DBCB8&gt;: Failed to establish a new connection: [WinError 10061] No connection could be made because the target machine actively refused it')': /session/18bdff83c031e6306bf99a09dd87379b</msg>
<msg timestamp="20191106 14:21:16.743" level="WARN">Retrying (Retry(total=0, connect=None, read=None, redirect=None, status=None)) after connection broken by 'NewConnectionError('&lt;urllib3.connection.HTTPConnection object at 0x037DBE68&gt;: Failed to establish a new connection: [WinError 10061] No connection could be made because the target machine actively refused it')': /session/18bdff83c031e6306bf99a09dd87379b</msg>
</errors>
</robot>
