<?xml version="1.0" encoding="UTF-8"?>
<robot generator="Robot 3.1.2 (Python 3.8.0 on win32)" generated="20191106 12:55:32.227" rpa="false">
<suite id="s1" name="Tests" source="C:\Development\RobotScripts\DataDrivenTest\tests">
<suite id="s1-s1" name="Cars" source="C:\Development\RobotScripts\DataDrivenTest\tests\Cars.robot">
<test id="s1-s1-t1" name="Unregistered user should see correct error message at login">
<kw name="Begin Web Test" library="Common" type="setup">
<kw name="Open Browser" library="SeleniumLibrary">
<doc>Opens a new browser instance to the optional ``url``.</doc>
<arguments>
<arg>about:blank</arg>
<arg>${BROWSER}</arg>
</arguments>
<msg timestamp="20191106 12:55:32.426" level="INFO">Opening browser 'chrome' to base url 'about:blank'.</msg>
<status status="PASS" starttime="20191106 12:55:32.426" endtime="20191106 12:55:34.548"></status>
</kw>
<kw name="Maximize Browser Window" library="SeleniumLibrary">
<doc>Maximizes current browser window.</doc>
<status status="PASS" starttime="20191106 12:55:34.548" endtime="20191106 12:55:35.681"></status>
</kw>
<status status="PASS" starttime="20191106 12:55:32.425" endtime="20191106 12:55:35.681"></status>
</kw>
<kw name="Go to Login" library="CarsApp">
<kw name="Load" library="LandingPage">
<kw name="Go To" library="SeleniumLibrary">
<doc>Navigates the current browser window to the provided ``url``.</doc>
<arguments>
<arg>${START_URL}</arg>
</arguments>
<msg timestamp="20191106 12:55:35.683" level="INFO">Opening url 'https://www.cars.com/'</msg>
<status status="PASS" starttime="20191106 12:55:35.682" endtime="20191106 12:55:40.618"></status>
</kw>
<status status="PASS" starttime="20191106 12:55:35.682" endtime="20191106 12:55:40.618"></status>
</kw>
<kw name="Verify Page Loaded" library="LandingPage">
<kw name="Page Should Contain Element" library="SeleniumLibrary">
<doc>Verifies that element ``locator`` is found on the current page.</doc>
<arguments>
<arg>${Search_btn}</arg>
</arguments>
<msg timestamp="20191106 12:55:40.639" level="INFO">Current page contains element 'css=input[value='Search']'.</msg>
<status status="PASS" starttime="20191106 12:55:40.619" endtime="20191106 12:55:40.640"></status>
</kw>
<status status="PASS" starttime="20191106 12:55:40.619" endtime="20191106 12:55:40.640"></status>
</kw>
<kw name="Open Login Page" library="LandingPage">
<kw name="Click Link" library="SeleniumLibrary">
<doc>Clicks a link identified by ``locator``.</doc>
<arguments>
<arg>${SignUp_link}</arg>
</arguments>
<msg timestamp="20191106 12:55:40.640" level="INFO">Clicking link 'css=a[title='login or signup']'.</msg>
<status status="PASS" starttime="20191106 12:55:40.640" endtime="20191106 12:55:41.347"></status>
</kw>
<kw name="Sleep" library="BuiltIn">
<doc>Pauses the test executed for the given time.</doc>
<arguments>
<arg>1s</arg>
</arguments>
<msg timestamp="20191106 12:55:42.349" level="INFO">Slept 1 second</msg>
<status status="PASS" starttime="20191106 12:55:41.347" endtime="20191106 12:55:42.349"></status>
</kw>
<status status="PASS" starttime="20191106 12:55:40.640" endtime="20191106 12:55:42.349"></status>
</kw>
<kw name="Verify Page Loaded" library="LoginPage">
<kw name="Title Should Be" library="SeleniumLibrary">
<doc>Verifies that the current page title equals ``title``.</doc>
<arguments>
<arg>${Login_title}</arg>
</arguments>
<msg timestamp="20191106 12:55:42.409" level="INFO">Page title is 'Cars.com | Sign Up'.</msg>
<status status="PASS" starttime="20191106 12:55:42.350" endtime="20191106 12:55:42.409"></status>
</kw>
<status status="PASS" starttime="20191106 12:55:42.349" endtime="20191106 12:55:42.409"></status>
</kw>
<kw name="Click Login" library="LoginPage">
<kw name="Sleep" library="BuiltIn">
<doc>Pauses the test executed for the given time.</doc>
<arguments>
<arg>1s</arg>
</arguments>
<msg timestamp="20191106 12:55:43.412" level="INFO">Slept 1 second</msg>
<status status="PASS" starttime="20191106 12:55:42.410" endtime="20191106 12:55:43.412"></status>
</kw>
<kw name="Click Element" library="SeleniumLibrary">
<doc>Click the element identified by ``locator``.</doc>
<arguments>
<arg>${Login_element}</arg>
</arguments>
<msg timestamp="20191106 12:55:43.412" level="INFO">Clicking element 'xpath=/html/body/div[2]/section/cars-profiles-lsp/cui-tabs/div/ul[1]/li[1]/div'.</msg>
<status status="PASS" starttime="20191106 12:55:43.412" endtime="20191106 12:55:43.524"></status>
</kw>
<status status="PASS" starttime="20191106 12:55:42.409" endtime="20191106 12:55:43.524"></status>
</kw>
<status status="PASS" starttime="20191106 12:55:35.681" endtime="20191106 12:55:43.524"></status>
</kw>
<kw name="Attemp Login" library="CarsApp">
<arguments>
<arg>${UNREGISTERED_USER}</arg>
</arguments>
<kw name="Enter Credentials" library="LoginPage">
<arguments>
<arg>${Credentials}</arg>
</arguments>
<kw name="Run Keyword Unless" library="BuiltIn">
<doc>Runs the given keyword with the given arguments if ``condition`` is false.</doc>
<arguments>
<arg>'${Credentials.Email}' == '#BLANK'</arg>
<arg>Input Text</arg>
<arg>${Login_field}</arg>
<arg>${Credentials.Email}</arg>
</arguments>
<kw name="Input Text" library="SeleniumLibrary">
<doc>Types the given ``text`` into the text field identified by ``locator``.</doc>
<arguments>
<arg>${Login_field}</arg>
<arg>${Credentials.Email}</arg>
</arguments>
<msg timestamp="20191106 12:55:43.528" level="INFO">Typing text 'unregistered@gmail.com' into text field 'xpath=/html/body/div[2]/section/cars-profiles-lsp/cui-tabs/div/ul[2]/li[1]/div/cars-login-form/div/div[3]/form/input[1]'.</msg>
<status status="PASS" starttime="20191106 12:55:43.527" endtime="20191106 12:55:43.712"></status>
</kw>
<status status="PASS" starttime="20191106 12:55:43.527" endtime="20191106 12:55:43.712"></status>
</kw>
<kw name="Run Keyword Unless" library="BuiltIn">
<doc>Runs the given keyword with the given arguments if ``condition`` is false.</doc>
<arguments>
<arg>'${Credentials.Password}' == '#BLANK'</arg>
<arg>Input Text</arg>
<arg>${Password_field}</arg>
<arg>${Credentials.Password}</arg>
</arguments>
<kw name="Input Text" library="SeleniumLibrary">
<doc>Types the given ``text`` into the text field identified by ``locator``.</doc>
<arguments>
<arg>${Password_field}</arg>
<arg>${Credentials.Password}</arg>
</arguments>
<msg timestamp="20191106 12:55:43.713" level="INFO">Typing text 'unregistered' into text field 'xpath=/html/body/div[2]/section/cars-profiles-lsp/cui-tabs/div/ul[2]/li[1]/div/cars-login-form/div/div[3]/form/input[2]'.</msg>
<status status="PASS" starttime="20191106 12:55:43.712" endtime="20191106 12:55:43.830"></status>
</kw>
<status status="PASS" starttime="20191106 12:55:43.712" endtime="20191106 12:55:43.830"></status>
</kw>
<kw name="Click Button" library="SeleniumLibrary">
<doc>Clicks the button identified by ``locator``.</doc>
<arguments>
<arg>${Login_btn}</arg>
</arguments>
<msg timestamp="20191106 12:55:43.831" level="INFO">Clicking button 'Log In'.</msg>
<status status="PASS" starttime="20191106 12:55:43.830" endtime="20191106 12:55:43.913"></status>
</kw>
<status status="PASS" starttime="20191106 12:55:43.526" endtime="20191106 12:55:43.913"></status>
</kw>
<status status="PASS" starttime="20191106 12:55:43.525" endtime="20191106 12:55:43.913"></status>
</kw>
<kw name="Check Invalid Login" library="CarsApp">
<arguments>
<arg>${UNREGISTERED_USER}</arg>
</arguments>
<kw name="Check Error Message" library="LoginPage">
<arguments>
<arg>${Credentials}</arg>
</arguments>
<kw name="Sleep" library="BuiltIn">
<doc>Pauses the test executed for the given time.</doc>
<arguments>
<arg>1s</arg>
</arguments>
<msg timestamp="20191106 12:55:44.917" level="INFO">Slept 1 second</msg>
<status status="PASS" starttime="20191106 12:55:43.915" endtime="20191106 12:55:44.917"></status>
</kw>
<kw name="Page Should Contain" library="SeleniumLibrary">
<doc>Verifies that current page contains ``text``.</doc>
<arguments>
<arg>${Credentials.ExpectedErrorMessage}</arg>
</arguments>
<msg timestamp="20191106 12:55:44.937" level="INFO">Current page contains text 'Your username and/or password is incorrect. Please try again.'.</msg>
<status status="PASS" starttime="20191106 12:55:44.917" endtime="20191106 12:55:44.938"></status>
</kw>
<status status="PASS" starttime="20191106 12:55:43.914" endtime="20191106 12:55:44.938"></status>
</kw>
<status status="PASS" starttime="20191106 12:55:43.914" endtime="20191106 12:55:44.938"></status>
</kw>
<kw name="End Web Test" library="Common" type="teardown">
<kw name="Close All Browsers" library="SeleniumLibrary">
<doc>Closes all open browsers and resets the browser cache.</doc>
<status status="PASS" starttime="20191106 12:55:44.939" endtime="20191106 12:55:47.139"></status>
</kw>
<status status="PASS" starttime="20191106 12:55:44.939" endtime="20191106 12:55:47.139"></status>
</kw>
<tags>
<tag>LoginTest</tag>
</tags>
<status status="PASS" starttime="20191106 12:55:32.425" endtime="20191106 12:55:47.140" critical="yes"></status>
</test>
<test id="s1-s1-t2" name="Invalid password user should see correct error message at login">
<kw name="Begin Web Test" library="Common" type="setup">
<kw name="Open Browser" library="SeleniumLibrary">
<doc>Opens a new browser instance to the optional ``url``.</doc>
<arguments>
<arg>about:blank</arg>
<arg>${BROWSER}</arg>
</arguments>
<msg timestamp="20191106 12:55:47.144" level="INFO">Opening browser 'chrome' to base url 'about:blank'.</msg>
<status status="PASS" starttime="20191106 12:55:47.144" endtime="20191106 12:55:49.200"></status>
</kw>
<kw name="Maximize Browser Window" library="SeleniumLibrary">
<doc>Maximizes current browser window.</doc>
<status status="PASS" starttime="20191106 12:55:49.201" endtime="20191106 12:55:50.319"></status>
</kw>
<status status="PASS" starttime="20191106 12:55:47.143" endtime="20191106 12:55:50.319"></status>
</kw>
<kw name="Go to Login" library="CarsApp">
<kw name="Load" library="LandingPage">
<kw name="Go To" library="SeleniumLibrary">
<doc>Navigates the current browser window to the provided ``url``.</doc>
<arguments>
<arg>${START_URL}</arg>
</arguments>
<msg timestamp="20191106 12:55:50.320" level="INFO">Opening url 'https://www.cars.com/'</msg>
<status status="PASS" starttime="20191106 12:55:50.320" endtime="20191106 12:55:56.193"></status>
</kw>
<status status="PASS" starttime="20191106 12:55:50.320" endtime="20191106 12:55:56.193"></status>
</kw>
<kw name="Verify Page Loaded" library="LandingPage">
<kw name="Page Should Contain Element" library="SeleniumLibrary">
<doc>Verifies that element ``locator`` is found on the current page.</doc>
<arguments>
<arg>${Search_btn}</arg>
</arguments>
<msg timestamp="20191106 12:55:56.300" level="INFO">Current page contains element 'css=input[value='Search']'.</msg>
<status status="PASS" starttime="20191106 12:55:56.194" endtime="20191106 12:55:56.300"></status>
</kw>
<status status="PASS" starttime="20191106 12:55:56.194" endtime="20191106 12:55:56.300"></status>
</kw>
<kw name="Open Login Page" library="LandingPage">
<kw name="Click Link" library="SeleniumLibrary">
<doc>Clicks a link identified by ``locator``.</doc>
<arguments>
<arg>${SignUp_link}</arg>
</arguments>
<msg timestamp="20191106 12:55:56.301" level="INFO">Clicking link 'css=a[title='login or signup']'.</msg>
<status status="PASS" starttime="20191106 12:55:56.301" endtime="20191106 12:55:56.498"></status>
</kw>
<kw name="Sleep" library="BuiltIn">
<doc>Pauses the test executed for the given time.</doc>
<arguments>
<arg>1s</arg>
</arguments>
<msg timestamp="20191106 12:55:57.499" level="INFO">Slept 1 second</msg>
<status status="PASS" starttime="20191106 12:55:56.498" endtime="20191106 12:55:57.499"></status>
</kw>
<status status="PASS" starttime="20191106 12:55:56.300" endtime="20191106 12:55:57.499"></status>
</kw>
<kw name="Verify Page Loaded" library="LoginPage">
<kw name="Title Should Be" library="SeleniumLibrary">
<doc>Verifies that the current page title equals ``title``.</doc>
<arguments>
<arg>${Login_title}</arg>
</arguments>
<msg timestamp="20191106 12:55:57.529" level="INFO">Page title is 'Cars.com | Sign Up'.</msg>
<status status="PASS" starttime="20191106 12:55:57.500" endtime="20191106 12:55:57.530"></status>
</kw>
<status status="PASS" starttime="20191106 12:55:57.499" endtime="20191106 12:55:57.530"></status>
</kw>
<kw name="Click Login" library="LoginPage">
<kw name="Sleep" library="BuiltIn">
<doc>Pauses the test executed for the given time.</doc>
<arguments>
<arg>1s</arg>
</arguments>
<msg timestamp="20191106 12:55:58.533" level="INFO">Slept 1 second</msg>
<status status="PASS" starttime="20191106 12:55:57.530" endtime="20191106 12:55:58.533"></status>
</kw>
<kw name="Click Element" library="SeleniumLibrary">
<doc>Click the element identified by ``locator``.</doc>
<arguments>
<arg>${Login_element}</arg>
</arguments>
<msg timestamp="20191106 12:55:58.533" level="INFO">Clicking element 'xpath=/html/body/div[2]/section/cars-profiles-lsp/cui-tabs/div/ul[1]/li[1]/div'.</msg>
<status status="PASS" starttime="20191106 12:55:58.533" endtime="20191106 12:55:58.658"></status>
</kw>
<status status="PASS" starttime="20191106 12:55:57.530" endtime="20191106 12:55:58.658"></status>
</kw>
<status status="PASS" starttime="20191106 12:55:50.320" endtime="20191106 12:55:58.658"></status>
</kw>
<kw name="Attemp Login" library="CarsApp">
<arguments>
<arg>${INVALID_PASSWORD_USER}</arg>
</arguments>
<kw name="Enter Credentials" library="LoginPage">
<arguments>
<arg>${Credentials}</arg>
</arguments>
<kw name="Run Keyword Unless" library="BuiltIn">
<doc>Runs the given keyword with the given arguments if ``condition`` is false.</doc>
<arguments>
<arg>'${Credentials.Email}' == '#BLANK'</arg>
<arg>Input Text</arg>
<arg>${Login_field}</arg>
<arg>${Credentials.Email}</arg>
</arguments>
<kw name="Input Text" library="SeleniumLibrary">
<doc>Types the given ``text`` into the text field identified by ``locator``.</doc>
<arguments>
<arg>${Login_field}</arg>
<arg>${Credentials.Email}</arg>
</arguments>
<msg timestamp="20191106 12:55:58.662" level="INFO">Typing text 'brennokart1@hotmail.com' into text field 'xpath=/html/body/div[2]/section/cars-profiles-lsp/cui-tabs/div/ul[2]/li[1]/div/cars-login-form/div/div[3]/form/input[1]'.</msg>
<status status="PASS" starttime="20191106 12:55:58.661" endtime="20191106 12:55:58.837"></status>
</kw>
<status status="PASS" starttime="20191106 12:55:58.660" endtime="20191106 12:55:58.837"></status>
</kw>
<kw name="Run Keyword Unless" library="BuiltIn">
<doc>Runs the given keyword with the given arguments if ``condition`` is false.</doc>
<arguments>
<arg>'${Credentials.Password}' == '#BLANK'</arg>
<arg>Input Text</arg>
<arg>${Password_field}</arg>
<arg>${Credentials.Password}</arg>
</arguments>
<kw name="Input Text" library="SeleniumLibrary">
<doc>Types the given ``text`` into the text field identified by ``locator``.</doc>
<arguments>
<arg>${Password_field}</arg>
<arg>${Credentials.Password}</arg>
</arguments>
<msg timestamp="20191106 12:55:58.838" level="INFO">Typing text 'Wrong' into text field 'xpath=/html/body/div[2]/section/cars-profiles-lsp/cui-tabs/div/ul[2]/li[1]/div/cars-login-form/div/div[3]/form/input[2]'.</msg>
<status status="PASS" starttime="20191106 12:55:58.838" endtime="20191106 12:55:58.929"></status>
</kw>
<status status="PASS" starttime="20191106 12:55:58.838" endtime="20191106 12:55:58.929"></status>
</kw>
<kw name="Click Button" library="SeleniumLibrary">
<doc>Clicks the button identified by ``locator``.</doc>
<arguments>
<arg>${Login_btn}</arg>
</arguments>
<msg timestamp="20191106 12:55:58.930" level="INFO">Clicking button 'Log In'.</msg>
<status status="PASS" starttime="20191106 12:55:58.929" endtime="20191106 12:55:59.022"></status>
</kw>
<status status="PASS" starttime="20191106 12:55:58.659" endtime="20191106 12:55:59.022"></status>
</kw>
<status status="PASS" starttime="20191106 12:55:58.659" endtime="20191106 12:55:59.023"></status>
</kw>
<kw name="Check Invalid Login" library="CarsApp">
<arguments>
<arg>${INVALID_PASSWORD_USER}</arg>
</arguments>
<kw name="Check Error Message" library="LoginPage">
<arguments>
<arg>${Credentials}</arg>
</arguments>
<kw name="Sleep" library="BuiltIn">
<doc>Pauses the test executed for the given time.</doc>
<arguments>
<arg>1s</arg>
</arguments>
<msg timestamp="20191106 12:56:00.027" level="INFO">Slept 1 second</msg>
<status status="PASS" starttime="20191106 12:55:59.024" endtime="20191106 12:56:00.027"></status>
</kw>
<kw name="Page Should Contain" library="SeleniumLibrary">
<doc>Verifies that current page contains ``text``.</doc>
<arguments>
<arg>${Credentials.ExpectedErrorMessage}</arg>
</arguments>
<msg timestamp="20191106 12:56:00.042" level="INFO">Current page contains text 'Your username and/or password is incorrect. Please try again.'.</msg>
<status status="PASS" starttime="20191106 12:56:00.027" endtime="20191106 12:56:00.042"></status>
</kw>
<status status="PASS" starttime="20191106 12:55:59.024" endtime="20191106 12:56:00.042"></status>
</kw>
<status status="PASS" starttime="20191106 12:55:59.023" endtime="20191106 12:56:00.043"></status>
</kw>
<kw name="End Web Test" library="Common" type="teardown">
<kw name="Close All Browsers" library="SeleniumLibrary">
<doc>Closes all open browsers and resets the browser cache.</doc>
<status status="PASS" starttime="20191106 12:56:00.044" endtime="20191106 12:56:02.218"></status>
</kw>
<status status="PASS" starttime="20191106 12:56:00.043" endtime="20191106 12:56:02.219"></status>
</kw>
<tags>
<tag>LoginTest</tag>
</tags>
<status status="PASS" starttime="20191106 12:55:47.142" endtime="20191106 12:56:02.219" critical="yes"></status>
</test>
<test id="s1-s1-t3" name="Blank user should see correct error message at login">
<kw name="Begin Web Test" library="Common" type="setup">
<kw name="Open Browser" library="SeleniumLibrary">
<doc>Opens a new browser instance to the optional ``url``.</doc>
<arguments>
<arg>about:blank</arg>
<arg>${BROWSER}</arg>
</arguments>
<msg timestamp="20191106 12:56:02.225" level="INFO">Opening browser 'chrome' to base url 'about:blank'.</msg>
<status status="PASS" starttime="20191106 12:56:02.225" endtime="20191106 12:56:04.317"></status>
</kw>
<kw name="Maximize Browser Window" library="SeleniumLibrary">
<doc>Maximizes current browser window.</doc>
<status status="PASS" starttime="20191106 12:56:04.317" endtime="20191106 12:56:05.434"></status>
</kw>
<status status="PASS" starttime="20191106 12:56:02.224" endtime="20191106 12:56:05.434"></status>
</kw>
<kw name="Go to Login" library="CarsApp">
<kw name="Load" library="LandingPage">
<kw name="Go To" library="SeleniumLibrary">
<doc>Navigates the current browser window to the provided ``url``.</doc>
<arguments>
<arg>${START_URL}</arg>
</arguments>
<msg timestamp="20191106 12:56:05.436" level="INFO">Opening url 'https://www.cars.com/'</msg>
<status status="PASS" starttime="20191106 12:56:05.435" endtime="20191106 12:56:08.813"></status>
</kw>
<status status="PASS" starttime="20191106 12:56:05.435" endtime="20191106 12:56:08.814"></status>
</kw>
<kw name="Verify Page Loaded" library="LandingPage">
<kw name="Page Should Contain Element" library="SeleniumLibrary">
<doc>Verifies that element ``locator`` is found on the current page.</doc>
<arguments>
<arg>${Search_btn}</arg>
</arguments>
<msg timestamp="20191106 12:56:08.986" level="INFO">Current page contains element 'css=input[value='Search']'.</msg>
<status status="PASS" starttime="20191106 12:56:08.814" endtime="20191106 12:56:08.987"></status>
</kw>
<status status="PASS" starttime="20191106 12:56:08.814" endtime="20191106 12:56:08.987"></status>
</kw>
<kw name="Open Login Page" library="LandingPage">
<kw name="Click Link" library="SeleniumLibrary">
<doc>Clicks a link identified by ``locator``.</doc>
<arguments>
<arg>${SignUp_link}</arg>
</arguments>
<msg timestamp="20191106 12:56:08.988" level="INFO">Clicking link 'css=a[title='login or signup']'.</msg>
<status status="PASS" starttime="20191106 12:56:08.988" endtime="20191106 12:56:10.925"></status>
</kw>
<kw name="Sleep" library="BuiltIn">
<doc>Pauses the test executed for the given time.</doc>
<arguments>
<arg>1s</arg>
</arguments>
<msg timestamp="20191106 12:56:11.927" level="INFO">Slept 1 second</msg>
<status status="PASS" starttime="20191106 12:56:10.925" endtime="20191106 12:56:11.927"></status>
</kw>
<status status="PASS" starttime="20191106 12:56:08.987" endtime="20191106 12:56:11.927"></status>
</kw>
<kw name="Verify Page Loaded" library="LoginPage">
<kw name="Title Should Be" library="SeleniumLibrary">
<doc>Verifies that the current page title equals ``title``.</doc>
<arguments>
<arg>${Login_title}</arg>
</arguments>
<msg timestamp="20191106 12:56:11.934" level="INFO">Page title is 'Cars.com | Sign Up'.</msg>
<status status="PASS" starttime="20191106 12:56:11.928" endtime="20191106 12:56:11.934"></status>
</kw>
<status status="PASS" starttime="20191106 12:56:11.927" endtime="20191106 12:56:11.934"></status>
</kw>
<kw name="Click Login" library="LoginPage">
<kw name="Sleep" library="BuiltIn">
<doc>Pauses the test executed for the given time.</doc>
<arguments>
<arg>1s</arg>
</arguments>
<msg timestamp="20191106 12:56:12.936" level="INFO">Slept 1 second</msg>
<status status="PASS" starttime="20191106 12:56:11.935" endtime="20191106 12:56:12.936"></status>
</kw>
<kw name="Click Element" library="SeleniumLibrary">
<doc>Click the element identified by ``locator``.</doc>
<arguments>
<arg>${Login_element}</arg>
</arguments>
<msg timestamp="20191106 12:56:12.937" level="INFO">Clicking element 'xpath=/html/body/div[2]/section/cars-profiles-lsp/cui-tabs/div/ul[1]/li[1]/div'.</msg>
<status status="PASS" starttime="20191106 12:56:12.937" endtime="20191106 12:56:13.038"></status>
</kw>
<status status="PASS" starttime="20191106 12:56:11.935" endtime="20191106 12:56:13.038"></status>
</kw>
<status status="PASS" starttime="20191106 12:56:05.435" endtime="20191106 12:56:13.038"></status>
</kw>
<kw name="Attemp Login" library="CarsApp">
<arguments>
<arg>${BLANK_CREDENTIALS_USER}</arg>
</arguments>
<kw name="Enter Credentials" library="LoginPage">
<arguments>
<arg>${Credentials}</arg>
</arguments>
<kw name="Run Keyword Unless" library="BuiltIn">
<doc>Runs the given keyword with the given arguments if ``condition`` is false.</doc>
<arguments>
<arg>'${Credentials.Email}' == '#BLANK'</arg>
<arg>Input Text</arg>
<arg>${Login_field}</arg>
<arg>${Credentials.Email}</arg>
</arguments>
<status status="PASS" starttime="20191106 12:56:13.041" endtime="20191106 12:56:13.041"></status>
</kw>
<kw name="Run Keyword Unless" library="BuiltIn">
<doc>Runs the given keyword with the given arguments if ``condition`` is false.</doc>
<arguments>
<arg>'${Credentials.Password}' == '#BLANK'</arg>
<arg>Input Text</arg>
<arg>${Password_field}</arg>
<arg>${Credentials.Password}</arg>
</arguments>
<status status="PASS" starttime="20191106 12:56:13.042" endtime="20191106 12:56:13.042"></status>
</kw>
<kw name="Click Button" library="SeleniumLibrary">
<doc>Clicks the button identified by ``locator``.</doc>
<arguments>
<arg>${Login_btn}</arg>
</arguments>
<msg timestamp="20191106 12:56:13.043" level="INFO">Clicking button 'Log In'.</msg>
<status status="PASS" starttime="20191106 12:56:13.042" endtime="20191106 12:56:13.150"></status>
</kw>
<status status="PASS" starttime="20191106 12:56:13.040" endtime="20191106 12:56:13.150"></status>
</kw>
<status status="PASS" starttime="20191106 12:56:13.039" endtime="20191106 12:56:13.150"></status>
</kw>
<kw name="Check Invalid Login" library="CarsApp">
<arguments>
<arg>${BLANK_CREDENTIALS_USER}</arg>
</arguments>
<kw name="Check Error Message" library="LoginPage">
<arguments>
<arg>${Credentials}</arg>
</arguments>
<kw name="Sleep" library="BuiltIn">
<doc>Pauses the test executed for the given time.</doc>
<arguments>
<arg>1s</arg>
</arguments>
<msg timestamp="20191106 12:56:14.153" level="INFO">Slept 1 second</msg>
<status status="PASS" starttime="20191106 12:56:13.152" endtime="20191106 12:56:14.153"></status>
</kw>
<kw name="Page Should Contain" library="SeleniumLibrary">
<doc>Verifies that current page contains ``text``.</doc>
<arguments>
<arg>${Credentials.ExpectedErrorMessage}</arg>
</arguments>
<msg timestamp="20191106 12:56:14.179" level="INFO">Current page contains text 'Please enter your email address and password.'.</msg>
<status status="PASS" starttime="20191106 12:56:14.153" endtime="20191106 12:56:14.179"></status>
</kw>
<status status="PASS" starttime="20191106 12:56:13.151" endtime="20191106 12:56:14.180"></status>
</kw>
<status status="PASS" starttime="20191106 12:56:13.151" endtime="20191106 12:56:14.180"></status>
</kw>
<kw name="End Web Test" library="Common" type="teardown">
<kw name="Close All Browsers" library="SeleniumLibrary">
<doc>Closes all open browsers and resets the browser cache.</doc>
<status status="PASS" starttime="20191106 12:56:14.181" endtime="20191106 12:56:16.355"></status>
</kw>
<status status="PASS" starttime="20191106 12:56:14.181" endtime="20191106 12:56:16.355"></status>
</kw>
<tags>
<tag>LoginTest</tag>
</tags>
<status status="PASS" starttime="20191106 12:56:02.223" endtime="20191106 12:56:16.356" critical="yes"></status>
</test>
<test id="s1-s1-t4" name="Valid users should be able to login">
<kw name="Begin Web Test" library="Common" type="setup">
<kw name="Open Browser" library="SeleniumLibrary">
<doc>Opens a new browser instance to the optional ``url``.</doc>
<arguments>
<arg>about:blank</arg>
<arg>${BROWSER}</arg>
</arguments>
<msg timestamp="20191106 12:56:16.361" level="INFO">Opening browser 'chrome' to base url 'about:blank'.</msg>
<status status="PASS" starttime="20191106 12:56:16.361" endtime="20191106 12:56:18.458"></status>
</kw>
<kw name="Maximize Browser Window" library="SeleniumLibrary">
<doc>Maximizes current browser window.</doc>
<status status="PASS" starttime="20191106 12:56:18.459" endtime="20191106 12:56:19.592"></status>
</kw>
<status status="PASS" starttime="20191106 12:56:16.360" endtime="20191106 12:56:19.593"></status>
</kw>
<kw name="Go to Login" library="CarsApp">
<kw name="Load" library="LandingPage">
<kw name="Go To" library="SeleniumLibrary">
<doc>Navigates the current browser window to the provided ``url``.</doc>
<arguments>
<arg>${START_URL}</arg>
</arguments>
<msg timestamp="20191106 12:56:19.594" level="INFO">Opening url 'https://www.cars.com/'</msg>
<status status="PASS" starttime="20191106 12:56:19.594" endtime="20191106 12:56:24.826"></status>
</kw>
<status status="PASS" starttime="20191106 12:56:19.593" endtime="20191106 12:56:24.826"></status>
</kw>
<kw name="Verify Page Loaded" library="LandingPage">
<kw name="Page Should Contain Element" library="SeleniumLibrary">
<doc>Verifies that element ``locator`` is found on the current page.</doc>
<arguments>
<arg>${Search_btn}</arg>
</arguments>
<msg timestamp="20191106 12:56:24.913" level="INFO">Current page contains element 'css=input[value='Search']'.</msg>
<status status="PASS" starttime="20191106 12:56:24.827" endtime="20191106 12:56:24.914"></status>
</kw>
<status status="PASS" starttime="20191106 12:56:24.827" endtime="20191106 12:56:24.914"></status>
</kw>
<kw name="Open Login Page" library="LandingPage">
<kw name="Click Link" library="SeleniumLibrary">
<doc>Clicks a link identified by ``locator``.</doc>
<arguments>
<arg>${SignUp_link}</arg>
</arguments>
<msg timestamp="20191106 12:56:24.915" level="INFO">Clicking link 'css=a[title='login or signup']'.</msg>
<status status="PASS" starttime="20191106 12:56:24.915" endtime="20191106 12:56:26.847"></status>
</kw>
<kw name="Sleep" library="BuiltIn">
<doc>Pauses the test executed for the given time.</doc>
<arguments>
<arg>1s</arg>
</arguments>
<msg timestamp="20191106 12:56:27.850" level="INFO">Slept 1 second</msg>
<status status="PASS" starttime="20191106 12:56:26.847" endtime="20191106 12:56:27.850"></status>
</kw>
<status status="PASS" starttime="20191106 12:56:24.914" endtime="20191106 12:56:27.851"></status>
</kw>
<kw name="Verify Page Loaded" library="LoginPage">
<kw name="Title Should Be" library="SeleniumLibrary">
<doc>Verifies that the current page title equals ``title``.</doc>
<arguments>
<arg>${Login_title}</arg>
</arguments>
<msg timestamp="20191106 12:56:27.863" level="INFO">Page title is 'Cars.com | Sign Up'.</msg>
<status status="PASS" starttime="20191106 12:56:27.852" endtime="20191106 12:56:27.863"></status>
</kw>
<status status="PASS" starttime="20191106 12:56:27.851" endtime="20191106 12:56:27.863"></status>
</kw>
<kw name="Click Login" library="LoginPage">
<kw name="Sleep" library="BuiltIn">
<doc>Pauses the test executed for the given time.</doc>
<arguments>
<arg>1s</arg>
</arguments>
<msg timestamp="20191106 12:56:28.865" level="INFO">Slept 1 second</msg>
<status status="PASS" starttime="20191106 12:56:27.864" endtime="20191106 12:56:28.865"></status>
</kw>
<kw name="Click Element" library="SeleniumLibrary">
<doc>Click the element identified by ``locator``.</doc>
<arguments>
<arg>${Login_element}</arg>
</arguments>
<msg timestamp="20191106 12:56:28.866" level="INFO">Clicking element 'xpath=/html/body/div[2]/section/cars-profiles-lsp/cui-tabs/div/ul[1]/li[1]/div'.</msg>
<status status="PASS" starttime="20191106 12:56:28.865" endtime="20191106 12:56:28.958"></status>
</kw>
<status status="PASS" starttime="20191106 12:56:27.864" endtime="20191106 12:56:28.958"></status>
</kw>
<status status="PASS" starttime="20191106 12:56:19.593" endtime="20191106 12:56:28.958"></status>
</kw>
<kw name="Attemp Login" library="CarsApp">
<arguments>
<arg>${VALID_USER}</arg>
</arguments>
<kw name="Enter Credentials" library="LoginPage">
<arguments>
<arg>${Credentials}</arg>
</arguments>
<kw name="Run Keyword Unless" library="BuiltIn">
<doc>Runs the given keyword with the given arguments if ``condition`` is false.</doc>
<arguments>
<arg>'${Credentials.Email}' == '#BLANK'</arg>
<arg>Input Text</arg>
<arg>${Login_field}</arg>
<arg>${Credentials.Email}</arg>
</arguments>
<kw name="Input Text" library="SeleniumLibrary">
<doc>Types the given ``text`` into the text field identified by ``locator``.</doc>
<arguments>
<arg>${Login_field}</arg>
<arg>${Credentials.Email}</arg>
</arguments>
<msg timestamp="20191106 12:56:28.961" level="INFO">Typing text 'brennokart1@hotmail.com' into text field 'xpath=/html/body/div[2]/section/cars-profiles-lsp/cui-tabs/div/ul[2]/li[1]/div/cars-login-form/div/div[3]/form/input[1]'.</msg>
<status status="PASS" starttime="20191106 12:56:28.960" endtime="20191106 12:56:29.125"></status>
</kw>
<status status="PASS" starttime="20191106 12:56:28.960" endtime="20191106 12:56:29.126"></status>
</kw>
<kw name="Run Keyword Unless" library="BuiltIn">
<doc>Runs the given keyword with the given arguments if ``condition`` is false.</doc>
<arguments>
<arg>'${Credentials.Password}' == '#BLANK'</arg>
<arg>Input Text</arg>
<arg>${Password_field}</arg>
<arg>${Credentials.Password}</arg>
</arguments>
<kw name="Input Text" library="SeleniumLibrary">
<doc>Types the given ``text`` into the text field identified by ``locator``.</doc>
<arguments>
<arg>${Password_field}</arg>
<arg>${Credentials.Password}</arg>
</arguments>
<msg timestamp="20191106 12:56:29.126" level="INFO">Typing text 'TestAutomation123!' into text field 'xpath=/html/body/div[2]/section/cars-profiles-lsp/cui-tabs/div/ul[2]/li[1]/div/cars-login-form/div/div[3]/form/input[2]'.</msg>
<status status="PASS" starttime="20191106 12:56:29.126" endtime="20191106 12:56:29.271"></status>
</kw>
<status status="PASS" starttime="20191106 12:56:29.126" endtime="20191106 12:56:29.271"></status>
</kw>
<kw name="Click Button" library="SeleniumLibrary">
<doc>Clicks the button identified by ``locator``.</doc>
<arguments>
<arg>${Login_btn}</arg>
</arguments>
<msg timestamp="20191106 12:56:29.272" level="INFO">Clicking button 'Log In'.</msg>
<status status="PASS" starttime="20191106 12:56:29.271" endtime="20191106 12:56:29.354"></status>
</kw>
<status status="PASS" starttime="20191106 12:56:28.959" endtime="20191106 12:56:29.354"></status>
</kw>
<status status="PASS" starttime="20191106 12:56:28.959" endtime="20191106 12:56:29.354"></status>
</kw>
<kw name="Check Valid Login" library="CarsApp">
<kw name="Verify Page Loaded" library="LoggedPage">
<kw name="Sleep" library="BuiltIn">
<doc>Pauses the test executed for the given time.</doc>
<arguments>
<arg>1s</arg>
</arguments>
<msg timestamp="20191106 12:56:30.358" level="INFO">Slept 1 second</msg>
<status status="PASS" starttime="20191106 12:56:29.355" endtime="20191106 12:56:30.358"></status>
</kw>
<kw name="Title Should Be" library="SeleniumLibrary">
<doc>Verifies that the current page title equals ``title``.</doc>
<arguments>
<arg>${logged_title}</arg>
</arguments>
<msg timestamp="20191106 12:56:31.164" level="INFO">Page title is 'New Cars, Used Cars, Car Dealers, Prices &amp; Reviews | Cars.com'.</msg>
<status status="PASS" starttime="20191106 12:56:30.358" endtime="20191106 12:56:31.164"></status>
</kw>
<status status="PASS" starttime="20191106 12:56:29.355" endtime="20191106 12:56:31.164"></status>
</kw>
<status status="PASS" starttime="20191106 12:56:29.355" endtime="20191106 12:56:31.164"></status>
</kw>
<kw name="End Web Test" library="Common" type="teardown">
<kw name="Close All Browsers" library="SeleniumLibrary">
<doc>Closes all open browsers and resets the browser cache.</doc>
<status status="PASS" starttime="20191106 12:56:31.165" endtime="20191106 12:56:33.348"></status>
</kw>
<status status="PASS" starttime="20191106 12:56:31.165" endtime="20191106 12:56:33.349"></status>
</kw>
<tags>
<tag>LoginTest</tag>
</tags>
<status status="PASS" starttime="20191106 12:56:16.359" endtime="20191106 12:56:33.349" critical="yes"></status>
</test>
<test id="s1-s1-t5" name="User should be able to search for a car">
<kw name="Begin Web Test" library="Common" type="setup">
<kw name="Open Browser" library="SeleniumLibrary">
<doc>Opens a new browser instance to the optional ``url``.</doc>
<arguments>
<arg>about:blank</arg>
<arg>${BROWSER}</arg>
</arguments>
<msg timestamp="20191106 12:56:33.356" level="INFO">Opening browser 'chrome' to base url 'about:blank'.</msg>
<status status="PASS" starttime="20191106 12:56:33.355" endtime="20191106 12:56:35.446"></status>
</kw>
<kw name="Maximize Browser Window" library="SeleniumLibrary">
<doc>Maximizes current browser window.</doc>
<status status="PASS" starttime="20191106 12:56:35.446" endtime="20191106 12:56:36.564"></status>
</kw>
<status status="PASS" starttime="20191106 12:56:33.354" endtime="20191106 12:56:36.564"></status>
</kw>
<kw name="Valid user logged">
<kw name="Go to Login" library="CarsApp">
<kw name="Load" library="LandingPage">
<kw name="Go To" library="SeleniumLibrary">
<doc>Navigates the current browser window to the provided ``url``.</doc>
<arguments>
<arg>${START_URL}</arg>
</arguments>
<msg timestamp="20191106 12:56:36.565" level="INFO">Opening url 'https://www.cars.com/'</msg>
<status status="PASS" starttime="20191106 12:56:36.564" endtime="20191106 12:56:40.015"></status>
</kw>
<status status="PASS" starttime="20191106 12:56:36.564" endtime="20191106 12:56:40.016"></status>
</kw>
<kw name="Verify Page Loaded" library="LandingPage">
<kw name="Page Should Contain Element" library="SeleniumLibrary">
<doc>Verifies that element ``locator`` is found on the current page.</doc>
<arguments>
<arg>${Search_btn}</arg>
</arguments>
<msg timestamp="20191106 12:56:40.193" level="INFO">Current page contains element 'css=input[value='Search']'.</msg>
<status status="PASS" starttime="20191106 12:56:40.017" endtime="20191106 12:56:40.193"></status>
</kw>
<status status="PASS" starttime="20191106 12:56:40.016" endtime="20191106 12:56:40.194"></status>
</kw>
<kw name="Open Login Page" library="LandingPage">
<kw name="Click Link" library="SeleniumLibrary">
<doc>Clicks a link identified by ``locator``.</doc>
<arguments>
<arg>${SignUp_link}</arg>
</arguments>
<msg timestamp="20191106 12:56:40.195" level="INFO">Clicking link 'css=a[title='login or signup']'.</msg>
<status status="PASS" starttime="20191106 12:56:40.195" endtime="20191106 12:56:42.022"></status>
</kw>
<kw name="Sleep" library="BuiltIn">
<doc>Pauses the test executed for the given time.</doc>
<arguments>
<arg>1s</arg>
</arguments>
<msg timestamp="20191106 12:56:43.024" level="INFO">Slept 1 second</msg>
<status status="PASS" starttime="20191106 12:56:42.022" endtime="20191106 12:56:43.024"></status>
</kw>
<status status="PASS" starttime="20191106 12:56:40.194" endtime="20191106 12:56:43.024"></status>
</kw>
<kw name="Verify Page Loaded" library="LoginPage">
<kw name="Title Should Be" library="SeleniumLibrary">
<doc>Verifies that the current page title equals ``title``.</doc>
<arguments>
<arg>${Login_title}</arg>
</arguments>
<msg timestamp="20191106 12:56:43.031" level="INFO">Page title is 'Cars.com | Sign Up'.</msg>
<status status="PASS" starttime="20191106 12:56:43.024" endtime="20191106 12:56:43.031"></status>
</kw>
<status status="PASS" starttime="20191106 12:56:43.024" endtime="20191106 12:56:43.031"></status>
</kw>
<kw name="Click Login" library="LoginPage">
<kw name="Sleep" library="BuiltIn">
<doc>Pauses the test executed for the given time.</doc>
<arguments>
<arg>1s</arg>
</arguments>
<msg timestamp="20191106 12:56:44.033" level="INFO">Slept 1 second</msg>
<status status="PASS" starttime="20191106 12:56:43.031" endtime="20191106 12:56:44.033"></status>
</kw>
<kw name="Click Element" library="SeleniumLibrary">
<doc>Click the element identified by ``locator``.</doc>
<arguments>
<arg>${Login_element}</arg>
</arguments>
<msg timestamp="20191106 12:56:44.033" level="INFO">Clicking element 'xpath=/html/body/div[2]/section/cars-profiles-lsp/cui-tabs/div/ul[1]/li[1]/div'.</msg>
<status status="PASS" starttime="20191106 12:56:44.033" endtime="20191106 12:56:44.119"></status>
</kw>
<status status="PASS" starttime="20191106 12:56:43.031" endtime="20191106 12:56:44.119"></status>
</kw>
<status status="PASS" starttime="20191106 12:56:36.564" endtime="20191106 12:56:44.119"></status>
</kw>
<kw name="Attemp Login" library="CarsApp">
<arguments>
<arg>${VALID_USER}</arg>
</arguments>
<kw name="Enter Credentials" library="LoginPage">
<arguments>
<arg>${Credentials}</arg>
</arguments>
<kw name="Run Keyword Unless" library="BuiltIn">
<doc>Runs the given keyword with the given arguments if ``condition`` is false.</doc>
<arguments>
<arg>'${Credentials.Email}' == '#BLANK'</arg>
<arg>Input Text</arg>
<arg>${Login_field}</arg>
<arg>${Credentials.Email}</arg>
</arguments>
<kw name="Input Text" library="SeleniumLibrary">
<doc>Types the given ``text`` into the text field identified by ``locator``.</doc>
<arguments>
<arg>${Login_field}</arg>
<arg>${Credentials.Email}</arg>
</arguments>
<msg timestamp="20191106 12:56:44.122" level="INFO">Typing text 'brennokart1@hotmail.com' into text field 'xpath=/html/body/div[2]/section/cars-profiles-lsp/cui-tabs/div/ul[2]/li[1]/div/cars-login-form/div/div[3]/form/input[1]'.</msg>
<status status="PASS" starttime="20191106 12:56:44.122" endtime="20191106 12:56:44.294"></status>
</kw>
<status status="PASS" starttime="20191106 12:56:44.121" endtime="20191106 12:56:44.294"></status>
</kw>
<kw name="Run Keyword Unless" library="BuiltIn">
<doc>Runs the given keyword with the given arguments if ``condition`` is false.</doc>
<arguments>
<arg>'${Credentials.Password}' == '#BLANK'</arg>
<arg>Input Text</arg>
<arg>${Password_field}</arg>
<arg>${Credentials.Password}</arg>
</arguments>
<kw name="Input Text" library="SeleniumLibrary">
<doc>Types the given ``text`` into the text field identified by ``locator``.</doc>
<arguments>
<arg>${Password_field}</arg>
<arg>${Credentials.Password}</arg>
</arguments>
<msg timestamp="20191106 12:56:44.295" level="INFO">Typing text 'TestAutomation123!' into text field 'xpath=/html/body/div[2]/section/cars-profiles-lsp/cui-tabs/div/ul[2]/li[1]/div/cars-login-form/div/div[3]/form/input[2]'.</msg>
<status status="PASS" starttime="20191106 12:56:44.295" endtime="20191106 12:56:44.445"></status>
</kw>
<status status="PASS" starttime="20191106 12:56:44.294" endtime="20191106 12:56:44.445"></status>
</kw>
<kw name="Click Button" library="SeleniumLibrary">
<doc>Clicks the button identified by ``locator``.</doc>
<arguments>
<arg>${Login_btn}</arg>
</arguments>
<msg timestamp="20191106 12:56:44.446" level="INFO">Clicking button 'Log In'.</msg>
<status status="PASS" starttime="20191106 12:56:44.446" endtime="20191106 12:56:44.543"></status>
</kw>
<status status="PASS" starttime="20191106 12:56:44.120" endtime="20191106 12:56:44.543"></status>
</kw>
<status status="PASS" starttime="20191106 12:56:44.120" endtime="20191106 12:56:44.544"></status>
</kw>
<kw name="Check Valid Login" library="CarsApp">
<kw name="Verify Page Loaded" library="LoggedPage">
<kw name="Sleep" library="BuiltIn">
<doc>Pauses the test executed for the given time.</doc>
<arguments>
<arg>1s</arg>
</arguments>
<msg timestamp="20191106 12:56:45.546" level="INFO">Slept 1 second</msg>
<status status="PASS" starttime="20191106 12:56:44.545" endtime="20191106 12:56:45.546"></status>
</kw>
<kw name="Title Should Be" library="SeleniumLibrary">
<doc>Verifies that the current page title equals ``title``.</doc>
<arguments>
<arg>${logged_title}</arg>
</arguments>
<msg timestamp="20191106 12:56:50.546" level="INFO">Page title is 'New Cars, Used Cars, Car Dealers, Prices &amp; Reviews | Cars.com'.</msg>
<status status="PASS" starttime="20191106 12:56:45.546" endtime="20191106 12:56:50.546"></status>
</kw>
<status status="PASS" starttime="20191106 12:56:44.544" endtime="20191106 12:56:50.546"></status>
</kw>
<status status="PASS" starttime="20191106 12:56:44.544" endtime="20191106 12:56:50.546"></status>
</kw>
<status status="PASS" starttime="20191106 12:56:36.564" endtime="20191106 12:56:50.546"></status>
</kw>
<kw name="Search" library="CarsApp">
<kw name="Search Car" library="LoggedPage">
<kw name="Click Element" library="SeleniumLibrary">
<doc>Click the element identified by ``locator``.</doc>
<arguments>
<arg>${Search_btn}</arg>
</arguments>
<msg timestamp="20191106 12:56:50.548" level="INFO">Clicking element 'css=input[value='Search']'.</msg>
<status status="PASS" starttime="20191106 12:56:50.548" endtime="20191106 12:56:51.802"></status>
</kw>
<kw name="Sleep" library="BuiltIn">
<doc>Pauses the test executed for the given time.</doc>
<arguments>
<arg>1s</arg>
</arguments>
<msg timestamp="20191106 12:56:52.804" level="INFO">Slept 1 second</msg>
<status status="PASS" starttime="20191106 12:56:51.802" endtime="20191106 12:56:52.804"></status>
</kw>
<status status="PASS" starttime="20191106 12:56:50.547" endtime="20191106 12:56:52.804"></status>
</kw>
<kw name="Verify Search Page" library="SearchPage">
<kw name="Page Should Contain" library="SeleniumLibrary">
<doc>Verifies that current page contains ``text``.</doc>
<arguments>
<arg>${Search_results}</arg>
</arguments>
<msg timestamp="20191106 12:56:52.905" level="INFO">Current page contains text 'results'.</msg>
<status status="PASS" starttime="20191106 12:56:52.804" endtime="20191106 12:56:52.905"></status>
</kw>
<status status="PASS" starttime="20191106 12:56:52.804" endtime="20191106 12:56:52.905"></status>
</kw>
<status status="PASS" starttime="20191106 12:56:50.547" endtime="20191106 12:56:52.905"></status>
</kw>
<kw name="End Web Test" library="Common" type="teardown">
<kw name="Close All Browsers" library="SeleniumLibrary">
<doc>Closes all open browsers and resets the browser cache.</doc>
<status status="PASS" starttime="20191106 12:56:52.906" endtime="20191106 12:56:55.115"></status>
</kw>
<status status="PASS" starttime="20191106 12:56:52.906" endtime="20191106 12:56:55.115"></status>
</kw>
<tags>
<tag>SearchTest</tag>
</tags>
<status status="PASS" starttime="20191106 12:56:33.352" endtime="20191106 12:56:55.115" critical="yes"></status>
</test>
<status status="PASS" starttime="20191106 12:55:32.252" endtime="20191106 12:56:55.117"></status>
</suite>
<status status="PASS" starttime="20191106 12:55:32.228" endtime="20191106 12:56:55.122"></status>
</suite>
<statistics>
<total>
<stat pass="5" fail="0">Critical Tests</stat>
<stat pass="5" fail="0">All Tests</stat>
</total>
<tag>
<stat pass="4" fail="0">LoginTest</stat>
<stat pass="1" fail="0">SearchTest</stat>
</tag>
<suite>
<stat pass="5" fail="0" id="s1" name="Tests">Tests</stat>
<stat pass="5" fail="0" id="s1-s1" name="Cars">Tests.Cars</stat>
</suite>
</statistics>
<errors>
</errors>
</robot>
