<?xml version="1.0" encoding="UTF-8"?>
<robot generator="Robot 3.1.2 (Python 3.8.0 on win32)" generated="20191029 11:18:00.413" rpa="false">
<suite id="s1" name="Amazonapp" source="C:\Development\RobotScripts\Amazon\tests\amazonapp.robot">
<test id="s1-t1" name="User must sign in to check out">
<kw name="Begin Web Test" library="Common" type="setup">
<kw name="Open Browser" library="SeleniumLibrary">
<doc>Opens a new browser instance to the optional ``url``.</doc>
<arguments>
<arg>about:blank</arg>
<arg>${BROWSER}</arg>
</arguments>
<msg timestamp="20191029 11:18:00.619" level="INFO">Opening browser 'firefox' to base url 'about:blank'.</msg>
<msg timestamp="20191029 11:18:00.622" level="INFO">Firefox driver log is always forced to to: C:\Development\RobotScripts\Amazon\Results\geckodriver-2.log</msg>
<status status="PASS" starttime="20191029 11:18:00.618" endtime="20191029 11:18:06.550"></status>
</kw>
<kw name="Maximize Browser Window" library="SeleniumLibrary">
<doc>Maximizes current browser window.</doc>
<status status="PASS" starttime="20191029 11:18:06.550" endtime="20191029 11:18:06.819"></status>
</kw>
<status status="PASS" starttime="20191029 11:18:00.618" endtime="20191029 11:18:06.819"></status>
</kw>
<kw name="Search for products" library="Amazon">
<kw name="Load" library="LandingPage">
<kw name="Go To" library="SeleniumLibrary">
<doc>Navigates the current browser window to the provided ``url``.</doc>
<arguments>
<arg>${START_URL}</arg>
</arguments>
<msg timestamp="20191029 11:18:06.821" level="INFO">Opening url 'http://www.amazon.com'</msg>
<status status="PASS" starttime="20191029 11:18:06.821" endtime="20191029 11:18:09.382"></status>
</kw>
<status status="PASS" starttime="20191029 11:18:06.820" endtime="20191029 11:18:09.382"></status>
</kw>
<kw name="Verify Page Loaded" library="LandingPage">
<kw name="Wait Until Page Contains" library="SeleniumLibrary">
<doc>Waits until ``text`` appears on the current page.</doc>
<arguments>
<arg>Your Amazon.com</arg>
</arguments>
<status status="PASS" starttime="20191029 11:18:09.383" endtime="20191029 11:18:09.618"></status>
</kw>
<status status="PASS" starttime="20191029 11:18:09.383" endtime="20191029 11:18:09.619"></status>
</kw>
<kw name="Enter Search Term" library="TopNav">
<kw name="Input Text" library="SeleniumLibrary">
<doc>Types the given ``text`` into the text field identified by ``locator``.</doc>
<arguments>
<arg>//*[@id="twotabsearchtextbox"]</arg>
<arg>${SEARCH_TERM}</arg>
</arguments>
<msg timestamp="20191029 11:18:09.620" level="INFO">Typing text 'Ferrari 458' into text field '//*[@id="twotabsearchtextbox"]'.</msg>
<status status="PASS" starttime="20191029 11:18:09.620" endtime="20191029 11:18:09.862"></status>
</kw>
<status status="PASS" starttime="20191029 11:18:09.619" endtime="20191029 11:18:09.862"></status>
</kw>
<kw name="Submit Search" library="TopNav">
<kw name="Click Button" library="SeleniumLibrary">
<doc>Clicks the button identified by ``locator``.</doc>
<arguments>
<arg>Go</arg>
</arguments>
<msg timestamp="20191029 11:18:09.864" level="INFO">Clicking button 'Go'.</msg>
<status status="PASS" starttime="20191029 11:18:09.864" endtime="20191029 11:18:11.739"></status>
</kw>
<status status="PASS" starttime="20191029 11:18:09.863" endtime="20191029 11:18:11.739"></status>
</kw>
<kw name="Verify Search Completed" library="SearchResults">
<kw name="Wait Until Page Contains" library="SeleniumLibrary">
<doc>Waits until ``text`` appears on the current page.</doc>
<arguments>
<arg>results for "${SEARCH_TERM}"</arg>
</arguments>
<status status="PASS" starttime="20191029 11:18:11.740" endtime="20191029 11:18:11.826"></status>
</kw>
<status status="PASS" starttime="20191029 11:18:11.740" endtime="20191029 11:18:11.826"></status>
</kw>
<status status="PASS" starttime="20191029 11:18:06.820" endtime="20191029 11:18:11.826"></status>
</kw>
<kw name="Select product from search results" library="Amazon">
<kw name="Click Product Link" library="SearchResults">
<kw name="Click Image" library="SeleniumLibrary">
<doc>Clicks an image identified by ``locator``.</doc>
<arguments>
<arg>https://m.media-amazon.com/images/I/61kRc4hwinL._AC_UL320_ML3_.jpg</arg>
</arguments>
<msg timestamp="20191029 11:18:11.828" level="INFO">Clicking image 'https://m.media-amazon.com/images/I/61kRc4hwinL._AC_UL320_ML3_.jpg'.</msg>
<status status="PASS" starttime="20191029 11:18:11.828" endtime="20191029 11:18:13.916"></status>
</kw>
<status status="PASS" starttime="20191029 11:18:11.827" endtime="20191029 11:18:13.916"></status>
</kw>
<kw name="Verify Product Loaded" library="ProductPage">
<kw name="Wait Until Page Contains" library="SeleniumLibrary">
<doc>Waits until ``text`` appears on the current page.</doc>
<arguments>
<arg>Back to results</arg>
</arguments>
<status status="PASS" starttime="20191029 11:18:13.916" endtime="20191029 11:18:14.170"></status>
</kw>
<status status="PASS" starttime="20191029 11:18:13.916" endtime="20191029 11:18:14.170"></status>
</kw>
<status status="PASS" starttime="20191029 11:18:11.827" endtime="20191029 11:18:14.171"></status>
</kw>
<kw name="Add product to cart" library="Amazon">
<kw name="Add Product to Cart" library="ProductPage">
<kw name="Click Button" library="SeleniumLibrary">
<doc>Clicks the button identified by ``locator``.</doc>
<arguments>
<arg>submit.add-to-cart</arg>
</arguments>
<msg timestamp="20191029 11:18:14.173" level="INFO">Clicking button 'submit.add-to-cart'.</msg>
<status status="PASS" starttime="20191029 11:18:14.172" endtime="20191029 11:18:15.763"></status>
</kw>
<status status="PASS" starttime="20191029 11:18:14.172" endtime="20191029 11:18:15.763"></status>
</kw>
<kw name="Verify Product Added" library="Cart">
<kw name="Wait Until Page Contains" library="SeleniumLibrary">
<doc>Waits until ``text`` appears on the current page.</doc>
<arguments>
<arg>Added to Cart</arg>
</arguments>
<status status="PASS" starttime="20191029 11:18:15.764" endtime="20191029 11:18:15.813"></status>
</kw>
<status status="PASS" starttime="20191029 11:18:15.764" endtime="20191029 11:18:15.814"></status>
</kw>
<status status="PASS" starttime="20191029 11:18:14.171" endtime="20191029 11:18:15.814"></status>
</kw>
<kw name="Begin checkout" library="Amazon">
<kw name="Proceed to Checkout" library="Cart">
<kw name="Click Link" library="SeleniumLibrary">
<doc>Clicks a link identified by ``locator``.</doc>
<arguments>
<arg>//*[@id="hlb-ptc-btn-native"]</arg>
</arguments>
<msg timestamp="20191029 11:18:15.816" level="INFO">Clicking link '//*[@id="hlb-ptc-btn-native"]'.</msg>
<status status="PASS" starttime="20191029 11:18:15.816" endtime="20191029 11:18:16.434"></status>
</kw>
<status status="PASS" starttime="20191029 11:18:15.815" endtime="20191029 11:18:16.434"></status>
</kw>
<kw name="Verify SignIn Loaded" library="SignIn">
<kw name="Element Text Should Be" library="SeleniumLibrary">
<doc>Verifies that element ``locator`` contains exact the text ``expected``.</doc>
<arguments>
<arg>//*[@id="authportal-main-section"]/div[2]/div/div[1]/form/div/div/div/h1</arg>
<arg>Sign-In</arg>
</arguments>
<msg timestamp="20191029 11:18:16.435" level="INFO">Verifying element '//*[@id="authportal-main-section"]/div[2]/div/div[1]/form/div/div/div/h1' contains exact text 'Sign-In'.</msg>
<status status="PASS" starttime="20191029 11:18:16.434" endtime="20191029 11:18:16.620"></status>
</kw>
<status status="PASS" starttime="20191029 11:18:16.434" endtime="20191029 11:18:16.620"></status>
</kw>
<status status="PASS" starttime="20191029 11:18:15.814" endtime="20191029 11:18:16.620"></status>
</kw>
<kw name="End Web Test" library="Common" type="teardown">
<kw name="Close Browser" library="SeleniumLibrary">
<doc>Closes the current browser.</doc>
<status status="PASS" starttime="20191029 11:18:16.623" endtime="20191029 11:18:27.655"></status>
</kw>
<status status="PASS" starttime="20191029 11:18:16.621" endtime="20191029 11:18:27.655"></status>
</kw>
<doc>This is some info about this test case</doc>
<tags>
<tag>Smoke</tag>
</tags>
<status status="PASS" starttime="20191029 11:18:00.616" endtime="20191029 11:18:27.655" critical="yes"></status>
</test>
<doc>This is some basic info about the whole suite</doc>
<status status="PASS" starttime="20191029 11:18:00.414" endtime="20191029 11:18:27.658"></status>
</suite>
<statistics>
<total>
<stat pass="1" fail="0">Critical Tests</stat>
<stat pass="1" fail="0">All Tests</stat>
</total>
<tag>
<stat pass="1" fail="0">Smoke</stat>
</tag>
<suite>
<stat pass="1" fail="0" id="s1" name="Amazonapp">Amazonapp</stat>
</suite>
</statistics>
<errors>
</errors>
</robot>
