<?xml version="1.0" encoding="UTF-8"?>
<robot generator="Robot 3.1.2 (Python 3.8.0 on win32)" generated="20191106 13:55:36.749" rpa="false">
<suite id="s1" name="Tests" source="C:\Development\RobotScripts\DataDrivenTest - Upgraded\tests">
<suite id="s1-s1" name="Cars" source="C:\Development\RobotScripts\DataDrivenTest - Upgraded\tests\Cars.robot">
<test id="s1-s1-t1" name="Invalid Login Scenarios Should Display Correct Error Message">
<kw name="Begin Web Test" library="Common" type="setup">
<kw name="Open Browser" library="SeleniumLibrary">
<doc>Opens a new browser instance to the optional ``url``.</doc>
<arguments>
<arg>about:blank</arg>
<arg>${BROWSER}</arg>
</arguments>
<msg timestamp="20191106 13:55:36.951" level="INFO">Opening browser 'chrome' to base url 'about:blank'.</msg>
<status status="PASS" starttime="20191106 13:55:36.951" endtime="20191106 13:55:39.053"></status>
</kw>
<kw name="Maximize Browser Window" library="SeleniumLibrary">
<doc>Maximizes current browser window.</doc>
<status status="PASS" starttime="20191106 13:55:39.053" endtime="20191106 13:55:40.169"></status>
</kw>
<status status="PASS" starttime="20191106 13:55:36.951" endtime="20191106 13:55:40.169"></status>
</kw>
<kw name="Test Multiple Failed Login Scenarios" library="CarsApp">
<arguments>
<arg>${UNREGISTERED_USER}</arg>
</arguments>
<kw name="Go to Login" library="CarsApp">
<kw name="Load" library="LandingPage">
<kw name="Go To" library="SeleniumLibrary">
<doc>Navigates the current browser window to the provided ``url``.</doc>
<arguments>
<arg>${START_URL}</arg>
</arguments>
<msg timestamp="20191106 13:55:40.171" level="INFO">Opening url 'https://www.cars.com/'</msg>
<status status="PASS" starttime="20191106 13:55:40.171" endtime="20191106 13:55:45.506"></status>
</kw>
<status status="PASS" starttime="20191106 13:55:40.170" endtime="20191106 13:55:45.506"></status>
</kw>
<kw name="Verify Page Loaded" library="LandingPage">
<kw name="Page Should Contain Element" library="SeleniumLibrary">
<doc>Verifies that element ``locator`` is found on the current page.</doc>
<arguments>
<arg>${Search_btn}</arg>
</arguments>
<msg timestamp="20191106 13:55:45.599" level="INFO">Current page contains element 'css=input[value='Search']'.</msg>
<status status="PASS" starttime="20191106 13:55:45.507" endtime="20191106 13:55:45.599"></status>
</kw>
<status status="PASS" starttime="20191106 13:55:45.507" endtime="20191106 13:55:45.599"></status>
</kw>
<kw name="Open Login Page" library="LandingPage">
<kw name="Click Link" library="SeleniumLibrary">
<doc>Clicks a link identified by ``locator``.</doc>
<arguments>
<arg>${SignUp_link}</arg>
</arguments>
<msg timestamp="20191106 13:55:45.601" level="INFO">Clicking link 'css=a[title='login or signup']'.</msg>
<status status="PASS" starttime="20191106 13:55:45.600" endtime="20191106 13:55:47.233"></status>
</kw>
<kw name="Sleep" library="BuiltIn">
<doc>Pauses the test executed for the given time.</doc>
<arguments>
<arg>1s</arg>
</arguments>
<msg timestamp="20191106 13:55:48.233" level="INFO">Slept 1 second</msg>
<status status="PASS" starttime="20191106 13:55:47.233" endtime="20191106 13:55:48.233"></status>
</kw>
<status status="PASS" starttime="20191106 13:55:45.600" endtime="20191106 13:55:48.233"></status>
</kw>
<kw name="Verify Page Loaded" library="LoginPage">
<kw name="Title Should Be" library="SeleniumLibrary">
<doc>Verifies that the current page title equals ``title``.</doc>
<arguments>
<arg>${Login_title}</arg>
</arguments>
<msg timestamp="20191106 13:55:48.241" level="INFO">Page title is 'Cars.com | Sign Up'.</msg>
<status status="PASS" starttime="20191106 13:55:48.234" endtime="20191106 13:55:48.242"></status>
</kw>
<status status="PASS" starttime="20191106 13:55:48.234" endtime="20191106 13:55:48.242"></status>
</kw>
<kw name="Click Login" library="LoginPage">
<kw name="Sleep" library="BuiltIn">
<doc>Pauses the test executed for the given time.</doc>
<arguments>
<arg>1s</arg>
</arguments>
<msg timestamp="20191106 13:55:49.244" level="INFO">Slept 1 second</msg>
<status status="PASS" starttime="20191106 13:55:48.242" endtime="20191106 13:55:49.244"></status>
</kw>
<kw name="Click Element" library="SeleniumLibrary">
<doc>Click the element identified by ``locator``.</doc>
<arguments>
<arg>${Login_element}</arg>
</arguments>
<msg timestamp="20191106 13:55:49.244" level="INFO">Clicking element 'xpath=/html/body/div[2]/section/cars-profiles-lsp/cui-tabs/div/ul[1]/li[1]/div'.</msg>
<status status="PASS" starttime="20191106 13:55:49.244" endtime="20191106 13:55:49.333"></status>
</kw>
<status status="PASS" starttime="20191106 13:55:48.242" endtime="20191106 13:55:49.334"></status>
</kw>
<status status="PASS" starttime="20191106 13:55:40.170" endtime="20191106 13:55:49.334"></status>
</kw>
<kw name="Attemp Login" library="CarsApp">
<arguments>
<arg>${Credentials}</arg>
</arguments>
<kw name="Enter Credentials" library="LoginPage">
<arguments>
<arg>${Credentials}</arg>
</arguments>
<kw name="Run Keyword Unless" library="BuiltIn">
<doc>Runs the given keyword with the given arguments if ``condition`` is false.</doc>
<arguments>
<arg>'${Credentials.Email}' == '#BLANK'</arg>
<arg>Input Text</arg>
<arg>${Login_field}</arg>
<arg>${Credentials.Email}</arg>
</arguments>
<kw name="Input Text" library="SeleniumLibrary">
<doc>Types the given ``text`` into the text field identified by ``locator``.</doc>
<arguments>
<arg>${Login_field}</arg>
<arg>${Credentials.Email}</arg>
</arguments>
<msg timestamp="20191106 13:55:49.337" level="INFO">Typing text 'unregistered@gmail.com' into text field 'xpath=/html/body/div[2]/section/cars-profiles-lsp/cui-tabs/div/ul[2]/li[1]/div/cars-login-form/div/div[3]/form/input[1]'.</msg>
<status status="PASS" starttime="20191106 13:55:49.336" endtime="20191106 13:55:49.504"></status>
</kw>
<status status="PASS" starttime="20191106 13:55:49.336" endtime="20191106 13:55:49.504"></status>
</kw>
<kw name="Run Keyword Unless" library="BuiltIn">
<doc>Runs the given keyword with the given arguments if ``condition`` is false.</doc>
<arguments>
<arg>'${Credentials.Password}' == '#BLANK'</arg>
<arg>Input Text</arg>
<arg>${Password_field}</arg>
<arg>${Credentials.Password}</arg>
</arguments>
<kw name="Input Text" library="SeleniumLibrary">
<doc>Types the given ``text`` into the text field identified by ``locator``.</doc>
<arguments>
<arg>${Password_field}</arg>
<arg>${Credentials.Password}</arg>
</arguments>
<msg timestamp="20191106 13:55:49.504" level="INFO">Typing text 'unregistered' into text field 'xpath=/html/body/div[2]/section/cars-profiles-lsp/cui-tabs/div/ul[2]/li[1]/div/cars-login-form/div/div[3]/form/input[2]'.</msg>
<status status="PASS" starttime="20191106 13:55:49.504" endtime="20191106 13:55:49.625"></status>
</kw>
<status status="PASS" starttime="20191106 13:55:49.504" endtime="20191106 13:55:49.625"></status>
</kw>
<kw name="Click Button" library="SeleniumLibrary">
<doc>Clicks the button identified by ``locator``.</doc>
<arguments>
<arg>${Login_btn}</arg>
</arguments>
<msg timestamp="20191106 13:55:49.626" level="INFO">Clicking button 'Log In'.</msg>
<status status="PASS" starttime="20191106 13:55:49.625" endtime="20191106 13:55:49.704"></status>
</kw>
<status status="PASS" starttime="20191106 13:55:49.335" endtime="20191106 13:55:49.704"></status>
</kw>
<status status="PASS" starttime="20191106 13:55:49.334" endtime="20191106 13:55:49.704"></status>
</kw>
<kw name="Check Invalid Login" library="CarsApp">
<arguments>
<arg>${Credentials}</arg>
</arguments>
<kw name="Check Error Message" library="LoginPage">
<arguments>
<arg>${Credentials}</arg>
</arguments>
<kw name="Sleep" library="BuiltIn">
<doc>Pauses the test executed for the given time.</doc>
<arguments>
<arg>1s</arg>
</arguments>
<msg timestamp="20191106 13:55:50.706" level="INFO">Slept 1 second</msg>
<status status="PASS" starttime="20191106 13:55:49.705" endtime="20191106 13:55:50.706"></status>
</kw>
<kw name="Page Should Contain" library="SeleniumLibrary">
<doc>Verifies that current page contains ``text``.</doc>
<arguments>
<arg>${Credentials.ExpectedErrorMessage}</arg>
</arguments>
<msg timestamp="20191106 13:55:50.741" level="INFO">Current page contains text 'Your username and/or password is incorrect. Please try again.'.</msg>
<status status="PASS" starttime="20191106 13:55:50.707" endtime="20191106 13:55:50.741"></status>
</kw>
<status status="PASS" starttime="20191106 13:55:49.705" endtime="20191106 13:55:50.741"></status>
</kw>
<status status="PASS" starttime="20191106 13:55:49.705" endtime="20191106 13:55:50.741"></status>
</kw>
<status status="PASS" starttime="20191106 13:55:40.169" endtime="20191106 13:55:50.742"></status>
</kw>
<kw name="Test Multiple Failed Login Scenarios" library="CarsApp">
<arguments>
<arg>${INVALID_PASSWORD_USER}</arg>
</arguments>
<kw name="Go to Login" library="CarsApp">
<kw name="Load" library="LandingPage">
<kw name="Go To" library="SeleniumLibrary">
<doc>Navigates the current browser window to the provided ``url``.</doc>
<arguments>
<arg>${START_URL}</arg>
</arguments>
<msg timestamp="20191106 13:55:50.745" level="INFO">Opening url 'https://www.cars.com/'</msg>
<status status="PASS" starttime="20191106 13:55:50.745" endtime="20191106 13:55:52.190"></status>
</kw>
<status status="PASS" starttime="20191106 13:55:50.744" endtime="20191106 13:55:52.190"></status>
</kw>
<kw name="Verify Page Loaded" library="LandingPage">
<kw name="Page Should Contain Element" library="SeleniumLibrary">
<doc>Verifies that element ``locator`` is found on the current page.</doc>
<arguments>
<arg>${Search_btn}</arg>
</arguments>
<msg timestamp="20191106 13:55:52.207" level="INFO">Current page contains element 'css=input[value='Search']'.</msg>
<status status="PASS" starttime="20191106 13:55:52.190" endtime="20191106 13:55:52.207"></status>
</kw>
<status status="PASS" starttime="20191106 13:55:52.190" endtime="20191106 13:55:52.207"></status>
</kw>
<kw name="Open Login Page" library="LandingPage">
<kw name="Click Link" library="SeleniumLibrary">
<doc>Clicks a link identified by ``locator``.</doc>
<arguments>
<arg>${SignUp_link}</arg>
</arguments>
<msg timestamp="20191106 13:55:52.208" level="INFO">Clicking link 'css=a[title='login or signup']'.</msg>
<status status="PASS" starttime="20191106 13:55:52.208" endtime="20191106 13:55:53.279"></status>
</kw>
<kw name="Sleep" library="BuiltIn">
<doc>Pauses the test executed for the given time.</doc>
<arguments>
<arg>1s</arg>
</arguments>
<msg timestamp="20191106 13:55:54.280" level="INFO">Slept 1 second</msg>
<status status="PASS" starttime="20191106 13:55:53.279" endtime="20191106 13:55:54.280"></status>
</kw>
<status status="PASS" starttime="20191106 13:55:52.208" endtime="20191106 13:55:54.280"></status>
</kw>
<kw name="Verify Page Loaded" library="LoginPage">
<kw name="Title Should Be" library="SeleniumLibrary">
<doc>Verifies that the current page title equals ``title``.</doc>
<arguments>
<arg>${Login_title}</arg>
</arguments>
<msg timestamp="20191106 13:55:54.287" level="INFO">Page title is 'Cars.com | Sign Up'.</msg>
<status status="PASS" starttime="20191106 13:55:54.281" endtime="20191106 13:55:54.287"></status>
</kw>
<status status="PASS" starttime="20191106 13:55:54.280" endtime="20191106 13:55:54.287"></status>
</kw>
<kw name="Click Login" library="LoginPage">
<kw name="Sleep" library="BuiltIn">
<doc>Pauses the test executed for the given time.</doc>
<arguments>
<arg>1s</arg>
</arguments>
<msg timestamp="20191106 13:55:55.288" level="INFO">Slept 1 second</msg>
<status status="PASS" starttime="20191106 13:55:54.287" endtime="20191106 13:55:55.288"></status>
</kw>
<kw name="Click Element" library="SeleniumLibrary">
<doc>Click the element identified by ``locator``.</doc>
<arguments>
<arg>${Login_element}</arg>
</arguments>
<msg timestamp="20191106 13:55:55.289" level="INFO">Clicking element 'xpath=/html/body/div[2]/section/cars-profiles-lsp/cui-tabs/div/ul[1]/li[1]/div'.</msg>
<status status="PASS" starttime="20191106 13:55:55.289" endtime="20191106 13:55:55.393"></status>
</kw>
<status status="PASS" starttime="20191106 13:55:54.287" endtime="20191106 13:55:55.394"></status>
</kw>
<status status="PASS" starttime="20191106 13:55:50.743" endtime="20191106 13:55:55.394"></status>
</kw>
<kw name="Attemp Login" library="CarsApp">
<arguments>
<arg>${Credentials}</arg>
</arguments>
<kw name="Enter Credentials" library="LoginPage">
<arguments>
<arg>${Credentials}</arg>
</arguments>
<kw name="Run Keyword Unless" library="BuiltIn">
<doc>Runs the given keyword with the given arguments if ``condition`` is false.</doc>
<arguments>
<arg>'${Credentials.Email}' == '#BLANK'</arg>
<arg>Input Text</arg>
<arg>${Login_field}</arg>
<arg>${Credentials.Email}</arg>
</arguments>
<kw name="Input Text" library="SeleniumLibrary">
<doc>Types the given ``text`` into the text field identified by ``locator``.</doc>
<arguments>
<arg>${Login_field}</arg>
<arg>${Credentials.Email}</arg>
</arguments>
<msg timestamp="20191106 13:55:55.397" level="INFO">Typing text 'brennokart1@hotmail.com' into text field 'xpath=/html/body/div[2]/section/cars-profiles-lsp/cui-tabs/div/ul[2]/li[1]/div/cars-login-form/div/div[3]/form/input[1]'.</msg>
<status status="PASS" starttime="20191106 13:55:55.397" endtime="20191106 13:55:55.565"></status>
</kw>
<status status="PASS" starttime="20191106 13:55:55.396" endtime="20191106 13:55:55.565"></status>
</kw>
<kw name="Run Keyword Unless" library="BuiltIn">
<doc>Runs the given keyword with the given arguments if ``condition`` is false.</doc>
<arguments>
<arg>'${Credentials.Password}' == '#BLANK'</arg>
<arg>Input Text</arg>
<arg>${Password_field}</arg>
<arg>${Credentials.Password}</arg>
</arguments>
<kw name="Input Text" library="SeleniumLibrary">
<doc>Types the given ``text`` into the text field identified by ``locator``.</doc>
<arguments>
<arg>${Password_field}</arg>
<arg>${Credentials.Password}</arg>
</arguments>
<msg timestamp="20191106 13:55:55.567" level="INFO">Typing text 'Wrong' into text field 'xpath=/html/body/div[2]/section/cars-profiles-lsp/cui-tabs/div/ul[2]/li[1]/div/cars-login-form/div/div[3]/form/input[2]'.</msg>
<status status="PASS" starttime="20191106 13:55:55.567" endtime="20191106 13:55:55.653"></status>
</kw>
<status status="PASS" starttime="20191106 13:55:55.565" endtime="20191106 13:55:55.653"></status>
</kw>
<kw name="Click Button" library="SeleniumLibrary">
<doc>Clicks the button identified by ``locator``.</doc>
<arguments>
<arg>${Login_btn}</arg>
</arguments>
<msg timestamp="20191106 13:55:55.653" level="INFO">Clicking button 'Log In'.</msg>
<status status="PASS" starttime="20191106 13:55:55.653" endtime="20191106 13:55:55.737"></status>
</kw>
<status status="PASS" starttime="20191106 13:55:55.395" endtime="20191106 13:55:55.738"></status>
</kw>
<status status="PASS" starttime="20191106 13:55:55.394" endtime="20191106 13:55:55.738"></status>
</kw>
<kw name="Check Invalid Login" library="CarsApp">
<arguments>
<arg>${Credentials}</arg>
</arguments>
<kw name="Check Error Message" library="LoginPage">
<arguments>
<arg>${Credentials}</arg>
</arguments>
<kw name="Sleep" library="BuiltIn">
<doc>Pauses the test executed for the given time.</doc>
<arguments>
<arg>1s</arg>
</arguments>
<msg timestamp="20191106 13:55:56.741" level="INFO">Slept 1 second</msg>
<status status="PASS" starttime="20191106 13:55:55.739" endtime="20191106 13:55:56.741"></status>
</kw>
<kw name="Page Should Contain" library="SeleniumLibrary">
<doc>Verifies that current page contains ``text``.</doc>
<arguments>
<arg>${Credentials.ExpectedErrorMessage}</arg>
</arguments>
<msg timestamp="20191106 13:55:56.755" level="INFO">Current page contains text 'Your username and/or password is incorrect. Please try again.'.</msg>
<status status="PASS" starttime="20191106 13:55:56.741" endtime="20191106 13:55:56.755"></status>
</kw>
<status status="PASS" starttime="20191106 13:55:55.738" endtime="20191106 13:55:56.755"></status>
</kw>
<status status="PASS" starttime="20191106 13:55:55.738" endtime="20191106 13:55:56.756"></status>
</kw>
<status status="PASS" starttime="20191106 13:55:50.743" endtime="20191106 13:55:56.756"></status>
</kw>
<kw name="Test Multiple Failed Login Scenarios" library="CarsApp">
<arguments>
<arg>${BLANK_CREDENTIALS_USER}</arg>
</arguments>
<kw name="Go to Login" library="CarsApp">
<kw name="Load" library="LandingPage">
<kw name="Go To" library="SeleniumLibrary">
<doc>Navigates the current browser window to the provided ``url``.</doc>
<arguments>
<arg>${START_URL}</arg>
</arguments>
<msg timestamp="20191106 13:55:56.758" level="INFO">Opening url 'https://www.cars.com/'</msg>
<status status="PASS" starttime="20191106 13:55:56.757" endtime="20191106 13:55:58.292"></status>
</kw>
<status status="PASS" starttime="20191106 13:55:56.757" endtime="20191106 13:55:58.292"></status>
</kw>
<kw name="Verify Page Loaded" library="LandingPage">
<kw name="Page Should Contain Element" library="SeleniumLibrary">
<doc>Verifies that element ``locator`` is found on the current page.</doc>
<arguments>
<arg>${Search_btn}</arg>
</arguments>
<msg timestamp="20191106 13:55:58.458" level="INFO">Current page contains element 'css=input[value='Search']'.</msg>
<status status="PASS" starttime="20191106 13:55:58.294" endtime="20191106 13:55:58.458"></status>
</kw>
<status status="PASS" starttime="20191106 13:55:58.293" endtime="20191106 13:55:58.459"></status>
</kw>
<kw name="Open Login Page" library="LandingPage">
<kw name="Click Link" library="SeleniumLibrary">
<doc>Clicks a link identified by ``locator``.</doc>
<arguments>
<arg>${SignUp_link}</arg>
</arguments>
<msg timestamp="20191106 13:55:58.460" level="INFO">Clicking link 'css=a[title='login or signup']'.</msg>
<status status="PASS" starttime="20191106 13:55:58.459" endtime="20191106 13:55:59.482"></status>
</kw>
<kw name="Sleep" library="BuiltIn">
<doc>Pauses the test executed for the given time.</doc>
<arguments>
<arg>1s</arg>
</arguments>
<msg timestamp="20191106 13:56:00.484" level="INFO">Slept 1 second</msg>
<status status="PASS" starttime="20191106 13:55:59.483" endtime="20191106 13:56:00.484"></status>
</kw>
<status status="PASS" starttime="20191106 13:55:58.459" endtime="20191106 13:56:00.484"></status>
</kw>
<kw name="Verify Page Loaded" library="LoginPage">
<kw name="Title Should Be" library="SeleniumLibrary">
<doc>Verifies that the current page title equals ``title``.</doc>
<arguments>
<arg>${Login_title}</arg>
</arguments>
<msg timestamp="20191106 13:56:00.490" level="INFO">Page title is 'Cars.com | Sign Up'.</msg>
<status status="PASS" starttime="20191106 13:56:00.484" endtime="20191106 13:56:00.490"></status>
</kw>
<status status="PASS" starttime="20191106 13:56:00.484" endtime="20191106 13:56:00.490"></status>
</kw>
<kw name="Click Login" library="LoginPage">
<kw name="Sleep" library="BuiltIn">
<doc>Pauses the test executed for the given time.</doc>
<arguments>
<arg>1s</arg>
</arguments>
<msg timestamp="20191106 13:56:01.491" level="INFO">Slept 1 second</msg>
<status status="PASS" starttime="20191106 13:56:00.490" endtime="20191106 13:56:01.491"></status>
</kw>
<kw name="Click Element" library="SeleniumLibrary">
<doc>Click the element identified by ``locator``.</doc>
<arguments>
<arg>${Login_element}</arg>
</arguments>
<msg timestamp="20191106 13:56:01.493" level="INFO">Clicking element 'xpath=/html/body/div[2]/section/cars-profiles-lsp/cui-tabs/div/ul[1]/li[1]/div'.</msg>
<status status="PASS" starttime="20191106 13:56:01.492" endtime="20191106 13:56:01.593"></status>
</kw>
<status status="PASS" starttime="20191106 13:56:00.490" endtime="20191106 13:56:01.594"></status>
</kw>
<status status="PASS" starttime="20191106 13:55:56.757" endtime="20191106 13:56:01.594"></status>
</kw>
<kw name="Attemp Login" library="CarsApp">
<arguments>
<arg>${Credentials}</arg>
</arguments>
<kw name="Enter Credentials" library="LoginPage">
<arguments>
<arg>${Credentials}</arg>
</arguments>
<kw name="Run Keyword Unless" library="BuiltIn">
<doc>Runs the given keyword with the given arguments if ``condition`` is false.</doc>
<arguments>
<arg>'${Credentials.Email}' == '#BLANK'</arg>
<arg>Input Text</arg>
<arg>${Login_field}</arg>
<arg>${Credentials.Email}</arg>
</arguments>
<status status="PASS" starttime="20191106 13:56:01.595" endtime="20191106 13:56:01.596"></status>
</kw>
<kw name="Run Keyword Unless" library="BuiltIn">
<doc>Runs the given keyword with the given arguments if ``condition`` is false.</doc>
<arguments>
<arg>'${Credentials.Password}' == '#BLANK'</arg>
<arg>Input Text</arg>
<arg>${Password_field}</arg>
<arg>${Credentials.Password}</arg>
</arguments>
<status status="PASS" starttime="20191106 13:56:01.596" endtime="20191106 13:56:01.596"></status>
</kw>
<kw name="Click Button" library="SeleniumLibrary">
<doc>Clicks the button identified by ``locator``.</doc>
<arguments>
<arg>${Login_btn}</arg>
</arguments>
<msg timestamp="20191106 13:56:01.597" level="INFO">Clicking button 'Log In'.</msg>
<status status="PASS" starttime="20191106 13:56:01.596" endtime="20191106 13:56:01.682"></status>
</kw>
<status status="PASS" starttime="20191106 13:56:01.595" endtime="20191106 13:56:01.682"></status>
</kw>
<status status="PASS" starttime="20191106 13:56:01.594" endtime="20191106 13:56:01.682"></status>
</kw>
<kw name="Check Invalid Login" library="CarsApp">
<arguments>
<arg>${Credentials}</arg>
</arguments>
<kw name="Check Error Message" library="LoginPage">
<arguments>
<arg>${Credentials}</arg>
</arguments>
<kw name="Sleep" library="BuiltIn">
<doc>Pauses the test executed for the given time.</doc>
<arguments>
<arg>1s</arg>
</arguments>
<msg timestamp="20191106 13:56:02.685" level="INFO">Slept 1 second</msg>
<status status="PASS" starttime="20191106 13:56:01.684" endtime="20191106 13:56:02.685"></status>
</kw>
<kw name="Page Should Contain" library="SeleniumLibrary">
<doc>Verifies that current page contains ``text``.</doc>
<arguments>
<arg>${Credentials.ExpectedErrorMessage}</arg>
</arguments>
<msg timestamp="20191106 13:56:02.716" level="INFO">Current page contains text 'Please enter your email address and password.'.</msg>
<status status="PASS" starttime="20191106 13:56:02.686" endtime="20191106 13:56:02.716"></status>
</kw>
<status status="PASS" starttime="20191106 13:56:01.683" endtime="20191106 13:56:02.716"></status>
</kw>
<status status="PASS" starttime="20191106 13:56:01.682" endtime="20191106 13:56:02.716"></status>
</kw>
<status status="PASS" starttime="20191106 13:55:56.756" endtime="20191106 13:56:02.716"></status>
</kw>
<kw name="End Web Test" library="Common" type="teardown">
<kw name="Close All Browsers" library="SeleniumLibrary">
<doc>Closes all open browsers and resets the browser cache.</doc>
<status status="PASS" starttime="20191106 13:56:02.718" endtime="20191106 13:56:04.927"></status>
</kw>
<status status="PASS" starttime="20191106 13:56:02.718" endtime="20191106 13:56:04.927"></status>
</kw>
<status status="PASS" starttime="20191106 13:55:36.950" endtime="20191106 13:56:04.927" critical="yes"></status>
</test>
<test id="s1-s1-t2" name="Valid users should be able to login">
<kw name="Begin Web Test" library="Common" type="setup">
<kw name="Open Browser" library="SeleniumLibrary">
<doc>Opens a new browser instance to the optional ``url``.</doc>
<arguments>
<arg>about:blank</arg>
<arg>${BROWSER}</arg>
</arguments>
<msg timestamp="20191106 13:56:04.930" level="INFO">Opening browser 'chrome' to base url 'about:blank'.</msg>
<status status="PASS" starttime="20191106 13:56:04.930" endtime="20191106 13:56:06.986"></status>
</kw>
<kw name="Maximize Browser Window" library="SeleniumLibrary">
<doc>Maximizes current browser window.</doc>
<status status="PASS" starttime="20191106 13:56:06.986" endtime="20191106 13:56:08.105"></status>
</kw>
<status status="PASS" starttime="20191106 13:56:04.930" endtime="20191106 13:56:08.105"></status>
</kw>
<kw name="Go to Login" library="CarsApp">
<kw name="Load" library="LandingPage">
<kw name="Go To" library="SeleniumLibrary">
<doc>Navigates the current browser window to the provided ``url``.</doc>
<arguments>
<arg>${START_URL}</arg>
</arguments>
<msg timestamp="20191106 13:56:08.107" level="INFO">Opening url 'https://www.cars.com/'</msg>
<status status="PASS" starttime="20191106 13:56:08.107" endtime="20191106 13:56:11.465"></status>
</kw>
<status status="PASS" starttime="20191106 13:56:08.107" endtime="20191106 13:56:11.465"></status>
</kw>
<kw name="Verify Page Loaded" library="LandingPage">
<kw name="Page Should Contain Element" library="SeleniumLibrary">
<doc>Verifies that element ``locator`` is found on the current page.</doc>
<arguments>
<arg>${Search_btn}</arg>
</arguments>
<msg timestamp="20191106 13:56:11.556" level="INFO">Current page contains element 'css=input[value='Search']'.</msg>
<status status="PASS" starttime="20191106 13:56:11.466" endtime="20191106 13:56:11.556"></status>
</kw>
<status status="PASS" starttime="20191106 13:56:11.465" endtime="20191106 13:56:11.556"></status>
</kw>
<kw name="Open Login Page" library="LandingPage">
<kw name="Click Link" library="SeleniumLibrary">
<doc>Clicks a link identified by ``locator``.</doc>
<arguments>
<arg>${SignUp_link}</arg>
</arguments>
<msg timestamp="20191106 13:56:11.559" level="INFO">Clicking link 'css=a[title='login or signup']'.</msg>
<status status="PASS" starttime="20191106 13:56:11.558" endtime="20191106 13:56:12.308"></status>
</kw>
<kw name="Sleep" library="BuiltIn">
<doc>Pauses the test executed for the given time.</doc>
<arguments>
<arg>1s</arg>
</arguments>
<msg timestamp="20191106 13:56:13.310" level="INFO">Slept 1 second</msg>
<status status="PASS" starttime="20191106 13:56:12.309" endtime="20191106 13:56:13.310"></status>
</kw>
<status status="PASS" starttime="20191106 13:56:11.557" endtime="20191106 13:56:13.310"></status>
</kw>
<kw name="Verify Page Loaded" library="LoginPage">
<kw name="Title Should Be" library="SeleniumLibrary">
<doc>Verifies that the current page title equals ``title``.</doc>
<arguments>
<arg>${Login_title}</arg>
</arguments>
<msg timestamp="20191106 13:56:13.358" level="INFO">Page title is 'Cars.com | Sign Up'.</msg>
<status status="PASS" starttime="20191106 13:56:13.310" endtime="20191106 13:56:13.358"></status>
</kw>
<status status="PASS" starttime="20191106 13:56:13.310" endtime="20191106 13:56:13.359"></status>
</kw>
<kw name="Click Login" library="LoginPage">
<kw name="Sleep" library="BuiltIn">
<doc>Pauses the test executed for the given time.</doc>
<arguments>
<arg>1s</arg>
</arguments>
<msg timestamp="20191106 13:56:14.360" level="INFO">Slept 1 second</msg>
<status status="PASS" starttime="20191106 13:56:13.359" endtime="20191106 13:56:14.360"></status>
</kw>
<kw name="Click Element" library="SeleniumLibrary">
<doc>Click the element identified by ``locator``.</doc>
<arguments>
<arg>${Login_element}</arg>
</arguments>
<msg timestamp="20191106 13:56:14.361" level="INFO">Clicking element 'xpath=/html/body/div[2]/section/cars-profiles-lsp/cui-tabs/div/ul[1]/li[1]/div'.</msg>
<status status="PASS" starttime="20191106 13:56:14.360" endtime="20191106 13:56:14.471"></status>
</kw>
<status status="PASS" starttime="20191106 13:56:13.359" endtime="20191106 13:56:14.471"></status>
</kw>
<status status="PASS" starttime="20191106 13:56:08.105" endtime="20191106 13:56:14.471"></status>
</kw>
<kw name="Attemp Login" library="CarsApp">
<arguments>
<arg>${VALID_USER}</arg>
</arguments>
<kw name="Enter Credentials" library="LoginPage">
<arguments>
<arg>${Credentials}</arg>
</arguments>
<kw name="Run Keyword Unless" library="BuiltIn">
<doc>Runs the given keyword with the given arguments if ``condition`` is false.</doc>
<arguments>
<arg>'${Credentials.Email}' == '#BLANK'</arg>
<arg>Input Text</arg>
<arg>${Login_field}</arg>
<arg>${Credentials.Email}</arg>
</arguments>
<kw name="Input Text" library="SeleniumLibrary">
<doc>Types the given ``text`` into the text field identified by ``locator``.</doc>
<arguments>
<arg>${Login_field}</arg>
<arg>${Credentials.Email}</arg>
</arguments>
<msg timestamp="20191106 13:56:14.475" level="INFO">Typing text 'brennokart1@hotmail.com' into text field 'xpath=/html/body/div[2]/section/cars-profiles-lsp/cui-tabs/div/ul[2]/li[1]/div/cars-login-form/div/div[3]/form/input[1]'.</msg>
<status status="PASS" starttime="20191106 13:56:14.475" endtime="20191106 13:56:14.664"></status>
</kw>
<status status="PASS" starttime="20191106 13:56:14.473" endtime="20191106 13:56:14.664"></status>
</kw>
<kw name="Run Keyword Unless" library="BuiltIn">
<doc>Runs the given keyword with the given arguments if ``condition`` is false.</doc>
<arguments>
<arg>'${Credentials.Password}' == '#BLANK'</arg>
<arg>Input Text</arg>
<arg>${Password_field}</arg>
<arg>${Credentials.Password}</arg>
</arguments>
<kw name="Input Text" library="SeleniumLibrary">
<doc>Types the given ``text`` into the text field identified by ``locator``.</doc>
<arguments>
<arg>${Password_field}</arg>
<arg>${Credentials.Password}</arg>
</arguments>
<msg timestamp="20191106 13:56:14.666" level="INFO">Typing text 'TestAutomation123!' into text field 'xpath=/html/body/div[2]/section/cars-profiles-lsp/cui-tabs/div/ul[2]/li[1]/div/cars-login-form/div/div[3]/form/input[2]'.</msg>
<status status="PASS" starttime="20191106 13:56:14.665" endtime="20191106 13:56:14.803"></status>
</kw>
<status status="PASS" starttime="20191106 13:56:14.664" endtime="20191106 13:56:14.803"></status>
</kw>
<kw name="Click Button" library="SeleniumLibrary">
<doc>Clicks the button identified by ``locator``.</doc>
<arguments>
<arg>${Login_btn}</arg>
</arguments>
<msg timestamp="20191106 13:56:14.803" level="INFO">Clicking button 'Log In'.</msg>
<status status="PASS" starttime="20191106 13:56:14.803" endtime="20191106 13:56:14.882"></status>
</kw>
<status status="PASS" starttime="20191106 13:56:14.473" endtime="20191106 13:56:14.882"></status>
</kw>
<status status="PASS" starttime="20191106 13:56:14.472" endtime="20191106 13:56:14.882"></status>
</kw>
<kw name="Check Valid Login" library="CarsApp">
<kw name="Verify Page Loaded" library="LoggedPage">
<kw name="Sleep" library="BuiltIn">
<doc>Pauses the test executed for the given time.</doc>
<arguments>
<arg>1s</arg>
</arguments>
<msg timestamp="20191106 13:56:15.884" level="INFO">Slept 1 second</msg>
<status status="PASS" starttime="20191106 13:56:14.883" endtime="20191106 13:56:15.884"></status>
</kw>
<kw name="Title Should Be" library="SeleniumLibrary">
<doc>Verifies that the current page title equals ``title``.</doc>
<arguments>
<arg>${logged_title}</arg>
</arguments>
<msg timestamp="20191106 13:56:17.347" level="INFO">Page title is 'New Cars, Used Cars, Car Dealers, Prices &amp; Reviews | Cars.com'.</msg>
<status status="PASS" starttime="20191106 13:56:15.884" endtime="20191106 13:56:17.347"></status>
</kw>
<status status="PASS" starttime="20191106 13:56:14.883" endtime="20191106 13:56:17.347"></status>
</kw>
<status status="PASS" starttime="20191106 13:56:14.883" endtime="20191106 13:56:17.347"></status>
</kw>
<kw name="End Web Test" library="Common" type="teardown">
<kw name="Close All Browsers" library="SeleniumLibrary">
<doc>Closes all open browsers and resets the browser cache.</doc>
<status status="PASS" starttime="20191106 13:56:17.349" endtime="20191106 13:56:19.655"></status>
</kw>
<status status="PASS" starttime="20191106 13:56:17.349" endtime="20191106 13:56:19.656"></status>
</kw>
<tags>
<tag>LoginTest</tag>
</tags>
<status status="PASS" starttime="20191106 13:56:04.929" endtime="20191106 13:56:19.656" critical="yes"></status>
</test>
<test id="s1-s1-t3" name="User should be able to search for a car">
<kw name="Begin Web Test" library="Common" type="setup">
<kw name="Open Browser" library="SeleniumLibrary">
<doc>Opens a new browser instance to the optional ``url``.</doc>
<arguments>
<arg>about:blank</arg>
<arg>${BROWSER}</arg>
</arguments>
<msg timestamp="20191106 13:56:19.661" level="INFO">Opening browser 'chrome' to base url 'about:blank'.</msg>
<status status="PASS" starttime="20191106 13:56:19.660" endtime="20191106 13:56:21.760"></status>
</kw>
<kw name="Maximize Browser Window" library="SeleniumLibrary">
<doc>Maximizes current browser window.</doc>
<status status="PASS" starttime="20191106 13:56:21.760" endtime="20191106 13:56:22.883"></status>
</kw>
<status status="PASS" starttime="20191106 13:56:19.660" endtime="20191106 13:56:22.884"></status>
</kw>
<kw name="Valid user logged">
<kw name="Go to Login" library="CarsApp">
<kw name="Load" library="LandingPage">
<kw name="Go To" library="SeleniumLibrary">
<doc>Navigates the current browser window to the provided ``url``.</doc>
<arguments>
<arg>${START_URL}</arg>
</arguments>
<msg timestamp="20191106 13:56:22.885" level="INFO">Opening url 'https://www.cars.com/'</msg>
<status status="PASS" starttime="20191106 13:56:22.885" endtime="20191106 13:56:27.915"></status>
</kw>
<status status="PASS" starttime="20191106 13:56:22.885" endtime="20191106 13:56:27.916"></status>
</kw>
<kw name="Verify Page Loaded" library="LandingPage">
<kw name="Page Should Contain Element" library="SeleniumLibrary">
<doc>Verifies that element ``locator`` is found on the current page.</doc>
<arguments>
<arg>${Search_btn}</arg>
</arguments>
<msg timestamp="20191106 13:56:27.958" level="INFO">Current page contains element 'css=input[value='Search']'.</msg>
<status status="PASS" starttime="20191106 13:56:27.917" endtime="20191106 13:56:27.958"></status>
</kw>
<status status="PASS" starttime="20191106 13:56:27.916" endtime="20191106 13:56:27.958"></status>
</kw>
<kw name="Open Login Page" library="LandingPage">
<kw name="Click Link" library="SeleniumLibrary">
<doc>Clicks a link identified by ``locator``.</doc>
<arguments>
<arg>${SignUp_link}</arg>
</arguments>
<msg timestamp="20191106 13:56:27.959" level="INFO">Clicking link 'css=a[title='login or signup']'.</msg>
<status status="PASS" starttime="20191106 13:56:27.959" endtime="20191106 13:56:29.463"></status>
</kw>
<kw name="Sleep" library="BuiltIn">
<doc>Pauses the test executed for the given time.</doc>
<arguments>
<arg>1s</arg>
</arguments>
<msg timestamp="20191106 13:56:30.466" level="INFO">Slept 1 second</msg>
<status status="PASS" starttime="20191106 13:56:29.463" endtime="20191106 13:56:30.466"></status>
</kw>
<status status="PASS" starttime="20191106 13:56:27.958" endtime="20191106 13:56:30.466"></status>
</kw>
<kw name="Verify Page Loaded" library="LoginPage">
<kw name="Title Should Be" library="SeleniumLibrary">
<doc>Verifies that the current page title equals ``title``.</doc>
<arguments>
<arg>${Login_title}</arg>
</arguments>
<msg timestamp="20191106 13:56:30.473" level="INFO">Page title is 'Cars.com | Sign Up'.</msg>
<status status="PASS" starttime="20191106 13:56:30.466" endtime="20191106 13:56:30.473"></status>
</kw>
<status status="PASS" starttime="20191106 13:56:30.466" endtime="20191106 13:56:30.473"></status>
</kw>
<kw name="Click Login" library="LoginPage">
<kw name="Sleep" library="BuiltIn">
<doc>Pauses the test executed for the given time.</doc>
<arguments>
<arg>1s</arg>
</arguments>
<msg timestamp="20191106 13:56:31.475" level="INFO">Slept 1 second</msg>
<status status="PASS" starttime="20191106 13:56:30.473" endtime="20191106 13:56:31.475"></status>
</kw>
<kw name="Click Element" library="SeleniumLibrary">
<doc>Click the element identified by ``locator``.</doc>
<arguments>
<arg>${Login_element}</arg>
</arguments>
<msg timestamp="20191106 13:56:31.475" level="INFO">Clicking element 'xpath=/html/body/div[2]/section/cars-profiles-lsp/cui-tabs/div/ul[1]/li[1]/div'.</msg>
<status status="PASS" starttime="20191106 13:56:31.475" endtime="20191106 13:56:31.559"></status>
</kw>
<status status="PASS" starttime="20191106 13:56:30.473" endtime="20191106 13:56:31.559"></status>
</kw>
<status status="PASS" starttime="20191106 13:56:22.884" endtime="20191106 13:56:31.559"></status>
</kw>
<kw name="Attemp Login" library="CarsApp">
<arguments>
<arg>${VALID_USER}</arg>
</arguments>
<kw name="Enter Credentials" library="LoginPage">
<arguments>
<arg>${Credentials}</arg>
</arguments>
<kw name="Run Keyword Unless" library="BuiltIn">
<doc>Runs the given keyword with the given arguments if ``condition`` is false.</doc>
<arguments>
<arg>'${Credentials.Email}' == '#BLANK'</arg>
<arg>Input Text</arg>
<arg>${Login_field}</arg>
<arg>${Credentials.Email}</arg>
</arguments>
<kw name="Input Text" library="SeleniumLibrary">
<doc>Types the given ``text`` into the text field identified by ``locator``.</doc>
<arguments>
<arg>${Login_field}</arg>
<arg>${Credentials.Email}</arg>
</arguments>
<msg timestamp="20191106 13:56:31.562" level="INFO">Typing text 'brennokart1@hotmail.com' into text field 'xpath=/html/body/div[2]/section/cars-profiles-lsp/cui-tabs/div/ul[2]/li[1]/div/cars-login-form/div/div[3]/form/input[1]'.</msg>
<status status="PASS" starttime="20191106 13:56:31.562" endtime="20191106 13:56:31.751"></status>
</kw>
<status status="PASS" starttime="20191106 13:56:31.561" endtime="20191106 13:56:31.751"></status>
</kw>
<kw name="Run Keyword Unless" library="BuiltIn">
<doc>Runs the given keyword with the given arguments if ``condition`` is false.</doc>
<arguments>
<arg>'${Credentials.Password}' == '#BLANK'</arg>
<arg>Input Text</arg>
<arg>${Password_field}</arg>
<arg>${Credentials.Password}</arg>
</arguments>
<kw name="Input Text" library="SeleniumLibrary">
<doc>Types the given ``text`` into the text field identified by ``locator``.</doc>
<arguments>
<arg>${Password_field}</arg>
<arg>${Credentials.Password}</arg>
</arguments>
<msg timestamp="20191106 13:56:31.751" level="INFO">Typing text 'TestAutomation123!' into text field 'xpath=/html/body/div[2]/section/cars-profiles-lsp/cui-tabs/div/ul[2]/li[1]/div/cars-login-form/div/div[3]/form/input[2]'.</msg>
<status status="PASS" starttime="20191106 13:56:31.751" endtime="20191106 13:56:31.885"></status>
</kw>
<status status="PASS" starttime="20191106 13:56:31.751" endtime="20191106 13:56:31.885"></status>
</kw>
<kw name="Click Button" library="SeleniumLibrary">
<doc>Clicks the button identified by ``locator``.</doc>
<arguments>
<arg>${Login_btn}</arg>
</arguments>
<msg timestamp="20191106 13:56:31.886" level="INFO">Clicking button 'Log In'.</msg>
<status status="PASS" starttime="20191106 13:56:31.885" endtime="20191106 13:56:31.963"></status>
</kw>
<status status="PASS" starttime="20191106 13:56:31.560" endtime="20191106 13:56:31.963"></status>
</kw>
<status status="PASS" starttime="20191106 13:56:31.560" endtime="20191106 13:56:31.964"></status>
</kw>
<kw name="Check Valid Login" library="CarsApp">
<kw name="Verify Page Loaded" library="LoggedPage">
<kw name="Sleep" library="BuiltIn">
<doc>Pauses the test executed for the given time.</doc>
<arguments>
<arg>1s</arg>
</arguments>
<msg timestamp="20191106 13:56:32.965" level="INFO">Slept 1 second</msg>
<status status="PASS" starttime="20191106 13:56:31.964" endtime="20191106 13:56:32.965"></status>
</kw>
<kw name="Title Should Be" library="SeleniumLibrary">
<doc>Verifies that the current page title equals ``title``.</doc>
<arguments>
<arg>${logged_title}</arg>
</arguments>
<msg timestamp="20191106 13:56:35.026" level="INFO">Page title is 'New Cars, Used Cars, Car Dealers, Prices &amp; Reviews | Cars.com'.</msg>
<status status="PASS" starttime="20191106 13:56:32.965" endtime="20191106 13:56:35.026"></status>
</kw>
<status status="PASS" starttime="20191106 13:56:31.964" endtime="20191106 13:56:35.027"></status>
</kw>
<status status="PASS" starttime="20191106 13:56:31.964" endtime="20191106 13:56:35.027"></status>
</kw>
<status status="PASS" starttime="20191106 13:56:22.884" endtime="20191106 13:56:35.027"></status>
</kw>
<kw name="Search" library="CarsApp">
<kw name="Search Car" library="LoggedPage">
<kw name="Click Element" library="SeleniumLibrary">
<doc>Click the element identified by ``locator``.</doc>
<arguments>
<arg>${Search_btn}</arg>
</arguments>
<msg timestamp="20191106 13:56:35.028" level="INFO">Clicking element 'css=input[value='Search']'.</msg>
<status status="PASS" starttime="20191106 13:56:35.028" endtime="20191106 13:56:38.584"></status>
</kw>
<kw name="Sleep" library="BuiltIn">
<doc>Pauses the test executed for the given time.</doc>
<arguments>
<arg>1s</arg>
</arguments>
<msg timestamp="20191106 13:56:39.584" level="INFO">Slept 1 second</msg>
<status status="PASS" starttime="20191106 13:56:38.584" endtime="20191106 13:56:39.584"></status>
</kw>
<status status="PASS" starttime="20191106 13:56:35.028" endtime="20191106 13:56:39.585"></status>
</kw>
<kw name="Verify Search Page" library="SearchPage">
<kw name="Page Should Contain" library="SeleniumLibrary">
<doc>Verifies that current page contains ``text``.</doc>
<arguments>
<arg>${Search_results}</arg>
</arguments>
<msg timestamp="20191106 13:56:39.643" level="INFO">Current page contains text 'results'.</msg>
<status status="PASS" starttime="20191106 13:56:39.586" endtime="20191106 13:56:39.643"></status>
</kw>
<status status="PASS" starttime="20191106 13:56:39.585" endtime="20191106 13:56:39.644"></status>
</kw>
<status status="PASS" starttime="20191106 13:56:35.027" endtime="20191106 13:56:39.644"></status>
</kw>
<kw name="End Web Test" library="Common" type="teardown">
<kw name="Close All Browsers" library="SeleniumLibrary">
<doc>Closes all open browsers and resets the browser cache.</doc>
<status status="PASS" starttime="20191106 13:56:39.645" endtime="20191106 13:56:41.850"></status>
</kw>
<status status="PASS" starttime="20191106 13:56:39.644" endtime="20191106 13:56:41.850"></status>
</kw>
<tags>
<tag>SearchTest</tag>
</tags>
<status status="PASS" starttime="20191106 13:56:19.658" endtime="20191106 13:56:41.851" critical="yes"></status>
</test>
<status status="PASS" starttime="20191106 13:55:36.772" endtime="20191106 13:56:41.856"></status>
</suite>
<status status="PASS" starttime="20191106 13:55:36.751" endtime="20191106 13:56:41.866"></status>
</suite>
<statistics>
<total>
<stat pass="3" fail="0">Critical Tests</stat>
<stat pass="3" fail="0">All Tests</stat>
</total>
<tag>
<stat pass="1" fail="0">LoginTest</stat>
<stat pass="1" fail="0">SearchTest</stat>
</tag>
<suite>
<stat pass="3" fail="0" id="s1" name="Tests">Tests</stat>
<stat pass="3" fail="0" id="s1-s1" name="Cars">Tests.Cars</stat>
</suite>
</statistics>
<errors>
</errors>
</robot>
